This is pdfTeX, Version 3.1415926-2.5-1.40.14 (TeX Live 2013/Debian) (format=pdflatex 2014.10.9)  19 DEC 2014 18:27
entering extended mode
 \write18 enabled.
 %&-line parsing enabled.
**main.tex
(./main.tex
LaTeX2e <2011/06/27>
Babel <3.9h> and hyphenation patterns for 78 languages loaded.
(/usr/share/texlive/texmf-dist/tex/latex/base/article.cls
Document Class: article 2007/10/19 v1.4h Standard LaTeX document class
(/usr/share/texlive/texmf-dist/tex/latex/base/size10.clo
File: size10.clo 2007/10/19 v1.4h Standard LaTeX file (size option)
)
\c@part=\count79
\c@section=\count80
\c@subsection=\count81
\c@subsubsection=\count82
\c@paragraph=\count83
\c@subparagraph=\count84
\c@figure=\count85
\c@table=\count86
\abovecaptionskip=\skip41
\belowcaptionskip=\skip42
\bibindent=\dimen102
)
(/usr/share/texlive/texmf-dist/tex/latex/a4wide/a4wide.sty
Package: a4wide 1994/08/30

(/usr/share/texlive/texmf-dist/tex/latex/ntgclass/a4.sty
Package: a4 2004/04/15 v1.2g A4 based page layout
))
(/usr/share/texlive/texmf-dist/tex/latex/float/float.sty
Package: float 2001/11/08 v1.3d Float enhancements (AL)
\c@float@type=\count87
\float@exts=\toks14
\float@box=\box26
\@float@everytoks=\toks15
\@floatcapt=\box27
)
(/usr/share/texlive/texmf-dist/tex/latex/graphics/graphicx.sty
Package: graphicx 1999/02/16 v1.0f Enhanced LaTeX Graphics (DPC,SPQR)

(/usr/share/texlive/texmf-dist/tex/latex/graphics/keyval.sty
Package: keyval 1999/03/16 v1.13 key=value parser (DPC)
\KV@toks@=\toks16
)
(/usr/share/texlive/texmf-dist/tex/latex/graphics/graphics.sty
Package: graphics 2009/02/05 v1.0o Standard LaTeX Graphics (DPC,SPQR)

(/usr/share/texlive/texmf-dist/tex/latex/graphics/trig.sty
Package: trig 1999/03/16 v1.09 sin cos tan (DPC)
)
(/usr/share/texlive/texmf-dist/tex/latex/latexconfig/graphics.cfg
File: graphics.cfg 2010/04/23 v1.9 graphics configuration of TeX Live
)
Package graphics Info: Driver file: pdftex.def on input line 91.

(/usr/share/texlive/texmf-dist/tex/latex/pdftex-def/pdftex.def
File: pdftex.def 2011/05/27 v0.06d Graphics/color for pdfTeX

(/usr/share/texlive/texmf-dist/tex/generic/oberdiek/infwarerr.sty
Package: infwarerr 2010/04/08 v1.3 Providing info/warning/error messages (HO)
)
(/usr/share/texlive/texmf-dist/tex/generic/oberdiek/ltxcmds.sty
Package: ltxcmds 2011/11/09 v1.22 LaTeX kernel commands for general use (HO)
)
\Gread@gobject=\count88
))
\Gin@req@height=\dimen103
\Gin@req@width=\dimen104
)
(/usr/share/texlive/texmf-dist/tex/latex/base/latexsym.sty
Package: latexsym 1998/08/17 v2.2e Standard LaTeX package (lasy symbols)
\symlasy=\mathgroup4
LaTeX Font Info:    Overwriting symbol font `lasy' in version `bold'
(Font)                  U/lasy/m/n --> U/lasy/b/n on input line 47.
)
(/usr/share/texlive/texmf-dist/tex/latex/tools/longtable.sty
Package: longtable 2004/02/01 v4.11 Multi-page Table package (DPC)
\LTleft=\skip43
\LTright=\skip44
\LTpre=\skip45
\LTpost=\skip46
\LTchunksize=\count89
\LTcapwidth=\dimen105
\LT@head=\box28
\LT@firsthead=\box29
\LT@foot=\box30
\LT@lastfoot=\box31
\LT@cols=\count90
\LT@rows=\count91
\c@LT@tables=\count92
\c@LT@chunks=\count93
\LT@p@ftn=\toks17
)
(/usr/share/texlive/texmf-dist/tex/latex/graphics/epsfig.sty
Package: epsfig 1999/02/16 v1.7a (e)psfig emulation (SPQR)
\epsfxsize=\dimen106
\epsfysize=\dimen107
)
(/usr/share/texlive/texmf-dist/tex/latex/graphics/color.sty
Package: color 2005/11/14 v1.0j Standard LaTeX Color (DPC)

(/usr/share/texlive/texmf-dist/tex/latex/latexconfig/color.cfg
File: color.cfg 2007/01/18 v1.5 color configuration of teTeX/TeXLive
)
Package color Info: Driver file: pdftex.def on input line 130.
)
(/usr/share/texlive/texmf-dist/tex/latex/psfrag/psfrag.sty
Package: psfrag 1998/04/11 v3.04 PSfrag (MCG)
\pfg@pcount=\count94
\pfg@scount=\count95
\pfg@temp=\write3
)
(/usr/share/texlive/texmf-dist/tex/latex/amsmath/amsmath.sty
Package: amsmath 2013/01/14 v2.14 AMS math features
\@mathmargin=\skip47

For additional information on amsmath, use the `?' option.
(/usr/share/texlive/texmf-dist/tex/latex/amsmath/amstext.sty
Package: amstext 2000/06/29 v2.01

(/usr/share/texlive/texmf-dist/tex/latex/amsmath/amsgen.sty
File: amsgen.sty 1999/11/30 v2.0
\@emptytoks=\toks18
\ex@=\dimen108
))
(/usr/share/texlive/texmf-dist/tex/latex/amsmath/amsbsy.sty
Package: amsbsy 1999/11/29 v1.2d
\pmbraise@=\dimen109
)
(/usr/share/texlive/texmf-dist/tex/latex/amsmath/amsopn.sty
Package: amsopn 1999/12/14 v2.01 operator names
)
\inf@bad=\count96
LaTeX Info: Redefining \frac on input line 210.
\uproot@=\count97
\leftroot@=\count98
LaTeX Info: Redefining \overline on input line 306.
\classnum@=\count99
\DOTSCASE@=\count100
LaTeX Info: Redefining \ldots on input line 378.
LaTeX Info: Redefining \dots on input line 381.
LaTeX Info: Redefining \cdots on input line 466.
\Mathstrutbox@=\box32
\strutbox@=\box33
\big@size=\dimen110
LaTeX Font Info:    Redeclaring font encoding OML on input line 566.
LaTeX Font Info:    Redeclaring font encoding OMS on input line 567.
\macc@depth=\count101
\c@MaxMatrixCols=\count102
\dotsspace@=\muskip10
\c@parentequation=\count103
\dspbrk@lvl=\count104
\tag@help=\toks19
\row@=\count105
\column@=\count106
\maxfields@=\count107
\andhelp@=\toks20
\eqnshift@=\dimen111
\alignsep@=\dimen112
\tagshift@=\dimen113
\tagwidth@=\dimen114
\totwidth@=\dimen115
\lineht@=\dimen116
\@envbody=\toks21
\multlinegap=\skip48
\multlinetaggap=\skip49
\mathdisplay@stack=\toks22
LaTeX Info: Redefining \[ on input line 2665.
LaTeX Info: Redefining \] on input line 2666.
)
(/usr/share/texlive/texmf-dist/tex/latex/amsfonts/amsfonts.sty
Package: amsfonts 2013/01/14 v3.01 Basic AMSFonts support
\symAMSa=\mathgroup5
\symAMSb=\mathgroup6
LaTeX Font Info:    Overwriting math alphabet `\mathfrak' in version `bold'
(Font)                  U/euf/m/n --> U/euf/b/n on input line 106.
)
(/usr/share/texlive/texmf-dist/tex/latex/amsfonts/amssymb.sty
Package: amssymb 2013/01/14 v3.01 AMS font symbols
)
(/usr/share/texlive/texmf-dist/tex/latex/multirow/multirow.sty
\bigstrutjot=\dimen117
)
(/usr/share/texlive/texmf-dist/tex/latex/fancyvrb/fancyvrb.sty
Package: fancyvrb 2008/02/07

Style option: `fancyvrb' v2.7a, with DG/SPQR fixes, and firstline=lastline fix 
<2008/02/07> (tvz)
\FV@CodeLineNo=\count108
\FV@InFile=\read1
\FV@TabBox=\box34
\c@FancyVerbLine=\count109
\FV@StepNumber=\count110
\FV@OutFile=\write4
)
(/usr/share/texlive/texmf-dist/tex/latex/subfigure/subfigure.sty
Package: subfigure 2002/03/15 v2.1.5 subfigure package
\subfigtopskip=\skip50
\subfigcapskip=\skip51
\subfigcaptopadj=\dimen118
\subfigbottomskip=\skip52
\subfigcapmargin=\dimen119
\subfiglabelskip=\skip53
\c@subfigure=\count111
\c@lofdepth=\count112
\c@subtable=\count113
\c@lotdepth=\count114

****************************************
* Local config file subfigure.cfg used *
****************************************
(/usr/share/texlive/texmf-dist/tex/latex/subfigure/subfigure.cfg)
\subfig@top=\skip54
\subfig@bottom=\skip55
)
(/usr/share/texlive/texmf-dist/tex/latex/minted/minted.sty
Package: minted 2011/09/17 v1.7 Yet another Pygments shim for LaTeX

(/usr/share/texmf/tex/latex/xcolor/xcolor.sty
Package: xcolor 2007/01/21 v2.11 LaTeX color extensions (UK)

(/usr/share/texlive/texmf-dist/tex/latex/latexconfig/color.cfg
File: color.cfg 2007/01/18 v1.5 color configuration of teTeX/TeXLive
)
Package xcolor Info: Driver file: pdftex.def on input line 225.
LaTeX Info: Redefining \color on input line 702.
Package xcolor Info: Model `cmy' substituted by `cmy0' on input line 1337.
Package xcolor Info: Model `hsb' substituted by `rgb' on input line 1341.
Package xcolor Info: Model `RGB' extended on input line 1353.
Package xcolor Info: Model `HTML' substituted by `rgb' on input line 1355.
Package xcolor Info: Model `Hsb' substituted by `hsb' on input line 1356.
Package xcolor Info: Model `tHsb' substituted by `hsb' on input line 1357.
Package xcolor Info: Model `HSB' substituted by `hsb' on input line 1358.
Package xcolor Info: Model `Gray' substituted by `gray' on input line 1359.
Package xcolor Info: Model `wave' substituted by `hsb' on input line 1360.
)
(/usr/share/texlive/texmf-dist/tex/latex/base/ifthen.sty
Package: ifthen 2001/05/26 v1.1c Standard LaTeX ifthen package (DPC)
)
(/usr/share/texlive/texmf-dist/tex/latex/tools/calc.sty
Package: calc 2007/08/22 v4.3 Infix arithmetic (KKT,FJ)
\calc@Acount=\count115
\calc@Bcount=\count116
\calc@Adimen=\dimen120
\calc@Bdimen=\dimen121
\calc@Askip=\skip56
\calc@Bskip=\skip57
LaTeX Info: Redefining \setlength on input line 76.
LaTeX Info: Redefining \addtolength on input line 77.
\calc@Ccount=\count117
\calc@Cskip=\skip58
)
(/usr/share/texlive/texmf-dist/tex/latex/ifplatform/ifplatform.sty
Package: ifplatform 2010/10/22 v0.4 Testing for the operating system

(/usr/share/texlive/texmf-dist/tex/generic/oberdiek/pdftexcmds.sty
Package: pdftexcmds 2011/11/29 v0.20 Utility functions of pdfTeX for LuaTeX (HO
)

(/usr/share/texlive/texmf-dist/tex/generic/oberdiek/ifluatex.sty
Package: ifluatex 2010/03/01 v1.3 Provides the ifluatex switch (HO)
Package ifluatex Info: LuaTeX not detected.
)
(/usr/share/texlive/texmf-dist/tex/generic/oberdiek/ifpdf.sty
Package: ifpdf 2011/01/30 v2.3 Provides the ifpdf switch (HO)
Package ifpdf Info: pdfTeX in PDF mode is detected.
)
Package pdftexcmds Info: LuaTeX not detected.
Package pdftexcmds Info: \pdf@primitive is available.
Package pdftexcmds Info: \pdf@ifprimitive is available.
Package pdftexcmds Info: \pdfdraftmode found.
)
(/usr/share/texlive/texmf-dist/tex/generic/oberdiek/catchfile.sty
Package: catchfile 2011/03/01 v1.6 Catch the contents of a file (HO)

(/usr/share/texlive/texmf-dist/tex/generic/oberdiek/etexcmds.sty
Package: etexcmds 2011/02/16 v1.5 Avoid name clashes with e-TeX commands (HO)
Package etexcmds Info: Could not find \expanded.
(etexcmds)             That can mean that you are not using pdfTeX 1.50 or
(etexcmds)             that some package has redefined \expanded.
(etexcmds)             In the latter case, load this package earlier.
))
runsystem(uname -s > "main.w18")...executed.

 (./main.w18)
runsystem(rm -- "main.w18")...executed.

)
\minted@bgbox=\box35
\minted@code=\write5
\@float@every@listing=\toks23
\c@listing=\count118
)
runsystem(which pygmentize && touch main.aex)...executed.

runsystem(rm main.aex)...executed.

 (/usr/share/texmf/tex/latex/CJK/CJKutf8.sty
Package: CJKutf8 2012/05/07 4.8.3

(/usr/share/texlive/texmf-dist/tex/latex/base/inputenc.sty
Package: inputenc 2008/03/30 v1.1d Input encoding file
\inpenc@prehook=\toks24
\inpenc@posthook=\toks25

(/usr/share/texlive/texmf-dist/tex/latex/base/utf8.def
File: utf8.def 2008/04/05 v1.1m UTF-8 support for inputenc
Now handling font encoding OML ...
... no UTF-8 mapping file for font encoding OML
Now handling font encoding T1 ...
... processing UTF-8 mapping file for font encoding T1

(/usr/share/texlive/texmf-dist/tex/latex/base/t1enc.dfu
File: t1enc.dfu 2008/04/05 v1.1m UTF-8 support for inputenc
   defining Unicode char U+00A1 (decimal 161)
   defining Unicode char U+00A3 (decimal 163)
   defining Unicode char U+00AB (decimal 171)
   defining Unicode char U+00BB (decimal 187)
   defining Unicode char U+00BF (decimal 191)
   defining Unicode char U+00C0 (decimal 192)
   defining Unicode char U+00C1 (decimal 193)
   defining Unicode char U+00C2 (decimal 194)
   defining Unicode char U+00C3 (decimal 195)
   defining Unicode char U+00C4 (decimal 196)
   defining Unicode char U+00C5 (decimal 197)
   defining Unicode char U+00C6 (decimal 198)
   defining Unicode char U+00C7 (decimal 199)
   defining Unicode char U+00C8 (decimal 200)
   defining Unicode char U+00C9 (decimal 201)
   defining Unicode char U+00CA (decimal 202)
   defining Unicode char U+00CB (decimal 203)
   defining Unicode char U+00CC (decimal 204)
   defining Unicode char U+00CD (decimal 205)
   defining Unicode char U+00CE (decimal 206)
   defining Unicode char U+00CF (decimal 207)
   defining Unicode char U+00D0 (decimal 208)
   defining Unicode char U+00D1 (decimal 209)
   defining Unicode char U+00D2 (decimal 210)
   defining Unicode char U+00D3 (decimal 211)
   defining Unicode char U+00D4 (decimal 212)
   defining Unicode char U+00D5 (decimal 213)
   defining Unicode char U+00D6 (decimal 214)
   defining Unicode char U+00D8 (decimal 216)
   defining Unicode char U+00D9 (decimal 217)
   defining Unicode char U+00DA (decimal 218)
   defining Unicode char U+00DB (decimal 219)
   defining Unicode char U+00DC (decimal 220)
   defining Unicode char U+00DD (decimal 221)
   defining Unicode char U+00DE (decimal 222)
   defining Unicode char U+00DF (decimal 223)
   defining Unicode char U+00E0 (decimal 224)
   defining Unicode char U+00E1 (decimal 225)
   defining Unicode char U+00E2 (decimal 226)
   defining Unicode char U+00E3 (decimal 227)
   defining Unicode char U+00E4 (decimal 228)
   defining Unicode char U+00E5 (decimal 229)
   defining Unicode char U+00E6 (decimal 230)
   defining Unicode char U+00E7 (decimal 231)
   defining Unicode char U+00E8 (decimal 232)
   defining Unicode char U+00E9 (decimal 233)
   defining Unicode char U+00EA (decimal 234)
   defining Unicode char U+00EB (decimal 235)
   defining Unicode char U+00EC (decimal 236)
   defining Unicode char U+00ED (decimal 237)
   defining Unicode char U+00EE (decimal 238)
   defining Unicode char U+00EF (decimal 239)
   defining Unicode char U+00F0 (decimal 240)
   defining Unicode char U+00F1 (decimal 241)
   defining Unicode char U+00F2 (decimal 242)
   defining Unicode char U+00F3 (decimal 243)
   defining Unicode char U+00F4 (decimal 244)
   defining Unicode char U+00F5 (decimal 245)
   defining Unicode char U+00F6 (decimal 246)
   defining Unicode char U+00F8 (decimal 248)
   defining Unicode char U+00F9 (decimal 249)
   defining Unicode char U+00FA (decimal 250)
   defining Unicode char U+00FB (decimal 251)
   defining Unicode char U+00FC (decimal 252)
   defining Unicode char U+00FD (decimal 253)
   defining Unicode char U+00FE (decimal 254)
   defining Unicode char U+00FF (decimal 255)
   defining Unicode char U+0102 (decimal 258)
   defining Unicode char U+0103 (decimal 259)
   defining Unicode char U+0104 (decimal 260)
   defining Unicode char U+0105 (decimal 261)
   defining Unicode char U+0106 (decimal 262)
   defining Unicode char U+0107 (decimal 263)
   defining Unicode char U+010C (decimal 268)
   defining Unicode char U+010D (decimal 269)
   defining Unicode char U+010E (decimal 270)
   defining Unicode char U+010F (decimal 271)
   defining Unicode char U+0110 (decimal 272)
   defining Unicode char U+0111 (decimal 273)
   defining Unicode char U+0118 (decimal 280)
   defining Unicode char U+0119 (decimal 281)
   defining Unicode char U+011A (decimal 282)
   defining Unicode char U+011B (decimal 283)
   defining Unicode char U+011E (decimal 286)
   defining Unicode char U+011F (decimal 287)
   defining Unicode char U+0130 (decimal 304)
   defining Unicode char U+0131 (decimal 305)
   defining Unicode char U+0132 (decimal 306)
   defining Unicode char U+0133 (decimal 307)
   defining Unicode char U+0139 (decimal 313)
   defining Unicode char U+013A (decimal 314)
   defining Unicode char U+013D (decimal 317)
   defining Unicode char U+013E (decimal 318)
   defining Unicode char U+0141 (decimal 321)
   defining Unicode char U+0142 (decimal 322)
   defining Unicode char U+0143 (decimal 323)
   defining Unicode char U+0144 (decimal 324)
   defining Unicode char U+0147 (decimal 327)
   defining Unicode char U+0148 (decimal 328)
   defining Unicode char U+014A (decimal 330)
   defining Unicode char U+014B (decimal 331)
   defining Unicode char U+0150 (decimal 336)
   defining Unicode char U+0151 (decimal 337)
   defining Unicode char U+0152 (decimal 338)
   defining Unicode char U+0153 (decimal 339)
   defining Unicode char U+0154 (decimal 340)
   defining Unicode char U+0155 (decimal 341)
   defining Unicode char U+0158 (decimal 344)
   defining Unicode char U+0159 (decimal 345)
   defining Unicode char U+015A (decimal 346)
   defining Unicode char U+015B (decimal 347)
   defining Unicode char U+015E (decimal 350)
   defining Unicode char U+015F (decimal 351)
   defining Unicode char U+0160 (decimal 352)
   defining Unicode char U+0161 (decimal 353)
   defining Unicode char U+0162 (decimal 354)
   defining Unicode char U+0163 (decimal 355)
   defining Unicode char U+0164 (decimal 356)
   defining Unicode char U+0165 (decimal 357)
   defining Unicode char U+016E (decimal 366)
   defining Unicode char U+016F (decimal 367)
   defining Unicode char U+0170 (decimal 368)
   defining Unicode char U+0171 (decimal 369)
   defining Unicode char U+0178 (decimal 376)
   defining Unicode char U+0179 (decimal 377)
   defining Unicode char U+017A (decimal 378)
   defining Unicode char U+017B (decimal 379)
   defining Unicode char U+017C (decimal 380)
   defining Unicode char U+017D (decimal 381)
   defining Unicode char U+017E (decimal 382)
   defining Unicode char U+200C (decimal 8204)
   defining Unicode char U+2013 (decimal 8211)
   defining Unicode char U+2014 (decimal 8212)
   defining Unicode char U+2018 (decimal 8216)
   defining Unicode char U+2019 (decimal 8217)
   defining Unicode char U+201A (decimal 8218)
   defining Unicode char U+201C (decimal 8220)
   defining Unicode char U+201D (decimal 8221)
   defining Unicode char U+201E (decimal 8222)
   defining Unicode char U+2030 (decimal 8240)
   defining Unicode char U+2031 (decimal 8241)
   defining Unicode char U+2039 (decimal 8249)
   defining Unicode char U+203A (decimal 8250)
   defining Unicode char U+2423 (decimal 9251)
)
Now handling font encoding OT1 ...
... processing UTF-8 mapping file for font encoding OT1

(/usr/share/texlive/texmf-dist/tex/latex/base/ot1enc.dfu
File: ot1enc.dfu 2008/04/05 v1.1m UTF-8 support for inputenc
   defining Unicode char U+00A1 (decimal 161)
   defining Unicode char U+00A3 (decimal 163)
   defining Unicode char U+00B8 (decimal 184)
   defining Unicode char U+00BF (decimal 191)
   defining Unicode char U+00C5 (decimal 197)
   defining Unicode char U+00C6 (decimal 198)
   defining Unicode char U+00D8 (decimal 216)
   defining Unicode char U+00DF (decimal 223)
   defining Unicode char U+00E6 (decimal 230)
   defining Unicode char U+00EC (decimal 236)
   defining Unicode char U+00ED (decimal 237)
   defining Unicode char U+00EE (decimal 238)
   defining Unicode char U+00EF (decimal 239)
   defining Unicode char U+00F8 (decimal 248)
   defining Unicode char U+0131 (decimal 305)
   defining Unicode char U+0141 (decimal 321)
   defining Unicode char U+0142 (decimal 322)
   defining Unicode char U+0152 (decimal 338)
   defining Unicode char U+0153 (decimal 339)
   defining Unicode char U+2013 (decimal 8211)
   defining Unicode char U+2014 (decimal 8212)
   defining Unicode char U+2018 (decimal 8216)
   defining Unicode char U+2019 (decimal 8217)
   defining Unicode char U+201C (decimal 8220)
   defining Unicode char U+201D (decimal 8221)
)
Now handling font encoding OMS ...
... processing UTF-8 mapping file for font encoding OMS

(/usr/share/texlive/texmf-dist/tex/latex/base/omsenc.dfu
File: omsenc.dfu 2008/04/05 v1.1m UTF-8 support for inputenc
   defining Unicode char U+00A7 (decimal 167)
   defining Unicode char U+00B6 (decimal 182)
   defining Unicode char U+00B7 (decimal 183)
   defining Unicode char U+2020 (decimal 8224)
   defining Unicode char U+2021 (decimal 8225)
   defining Unicode char U+2022 (decimal 8226)
)
Now handling font encoding OMX ...
... no UTF-8 mapping file for font encoding OMX
Now handling font encoding U ...
... no UTF-8 mapping file for font encoding U
   defining Unicode char U+00A9 (decimal 169)
   defining Unicode char U+00AA (decimal 170)
   defining Unicode char U+00AE (decimal 174)
   defining Unicode char U+00BA (decimal 186)
   defining Unicode char U+02C6 (decimal 710)
   defining Unicode char U+02DC (decimal 732)
   defining Unicode char U+200C (decimal 8204)
   defining Unicode char U+2026 (decimal 8230)
   defining Unicode char U+2122 (decimal 8482)
   defining Unicode char U+2423 (decimal 9251)
))
(/usr/share/texmf/tex/latex/CJK/CJK.sty
Package: CJK 2012/05/07 4.8.3

(/usr/share/texmf/tex/latex/CJK/mule/MULEenc.sty
Package: MULEenc 2012/05/07 4.8.3
)
(/usr/share/texmf/tex/latex/CJK/CJK.enc
File: CJK.enc 2012/05/07 4.8.3
Now handling font encoding C00 ...
... no UTF-8 mapping file for font encoding C00
Now handling font encoding C05 ...
... no UTF-8 mapping file for font encoding C05
Now handling font encoding C09 ...
... no UTF-8 mapping file for font encoding C09
Now handling font encoding C10 ...
... no UTF-8 mapping file for font encoding C10
Now handling font encoding C20 ...
... no UTF-8 mapping file for font encoding C20
Now handling font encoding C19 ...
... no UTF-8 mapping file for font encoding C19
Now handling font encoding C40 ...
... no UTF-8 mapping file for font encoding C40
Now handling font encoding C42 ...
... no UTF-8 mapping file for font encoding C42
Now handling font encoding C43 ...
... no UTF-8 mapping file for font encoding C43
Now handling font encoding C50 ...
... no UTF-8 mapping file for font encoding C50
Now handling font encoding C52 ...
... no UTF-8 mapping file for font encoding C52
Now handling font encoding C49 ...
... no UTF-8 mapping file for font encoding C49
Now handling font encoding C60 ...
... no UTF-8 mapping file for font encoding C60
Now handling font encoding C61 ...
... no UTF-8 mapping file for font encoding C61
Now handling font encoding C63 ...
... no UTF-8 mapping file for font encoding C63
Now handling font encoding C64 ...
... no UTF-8 mapping file for font encoding C64
Now handling font encoding C65 ...
... no UTF-8 mapping file for font encoding C65
Now handling font encoding C70 ...
... no UTF-8 mapping file for font encoding C70
Now handling font encoding C31 ...
... no UTF-8 mapping file for font encoding C31
Now handling font encoding C32 ...
... no UTF-8 mapping file for font encoding C32
Now handling font encoding C33 ...
... no UTF-8 mapping file for font encoding C33
Now handling font encoding C34 ...
... no UTF-8 mapping file for font encoding C34
Now handling font encoding C35 ...
... no UTF-8 mapping file for font encoding C35
Now handling font encoding C36 ...
... no UTF-8 mapping file for font encoding C36
Now handling font encoding C37 ...
... no UTF-8 mapping file for font encoding C37
Now handling font encoding C80 ...
... no UTF-8 mapping file for font encoding C80
Now handling font encoding C81 ...
... no UTF-8 mapping file for font encoding C81
Now handling font encoding C01 ...
... no UTF-8 mapping file for font encoding C01
Now handling font encoding C11 ...
... no UTF-8 mapping file for font encoding C11
Now handling font encoding C21 ...
... no UTF-8 mapping file for font encoding C21
Now handling font encoding C41 ...
... no UTF-8 mapping file for font encoding C41
Now handling font encoding C62 ...
... no UTF-8 mapping file for font encoding C62
)
LaTeX Info: Redefining \selectfont on input line 755.
\CJK@indent=\box36
)
(/usr/share/texlive/texmf-dist/tex/latex/base/fontenc.sty
Package: fontenc 2005/09/27 v1.99g Standard LaTeX package
))
(/usr/share/texlive/texmf-dist/tex/latex/hyperref/hyperref.sty
Package: hyperref 2012/11/06 v6.83m Hypertext links for LaTeX

(/usr/share/texlive/texmf-dist/tex/generic/oberdiek/hobsub-hyperref.sty
Package: hobsub-hyperref 2012/05/28 v1.13 Bundle oberdiek, subset hyperref (HO)


(/usr/share/texlive/texmf-dist/tex/generic/oberdiek/hobsub-generic.sty
Package: hobsub-generic 2012/05/28 v1.13 Bundle oberdiek, subset generic (HO)
Package: hobsub 2012/05/28 v1.13 Construct package bundles (HO)
Package hobsub Info: Skipping package `infwarerr' (already loaded).
Package hobsub Info: Skipping package `ltxcmds' (already loaded).
Package hobsub Info: Skipping package `ifluatex' (already loaded).
Package: ifvtex 2010/03/01 v1.5 Detect VTeX and its facilities (HO)
Package ifvtex Info: VTeX not detected.
Package: intcalc 2007/09/27 v1.1 Expandable calculations with integers (HO)
Package hobsub Info: Skipping package `ifpdf' (already loaded).
Package hobsub Info: Skipping package `etexcmds' (already loaded).
Package: kvsetkeys 2012/04/25 v1.16 Key value parser (HO)
Package: kvdefinekeys 2011/04/07 v1.3 Define keys (HO)
Package hobsub Info: Skipping package `pdftexcmds' (already loaded).
Package: pdfescape 2011/11/25 v1.13 Implements pdfTeX's escape features (HO)
Package: bigintcalc 2012/04/08 v1.3 Expandable calculations on big integers (HO
)
Package: bitset 2011/01/30 v1.1 Handle bit-vector datatype (HO)
Package: uniquecounter 2011/01/30 v1.2 Provide unlimited unique counter (HO)
)
Package hobsub Info: Skipping package `hobsub' (already loaded).
Package: letltxmacro 2010/09/02 v1.4 Let assignment for LaTeX macros (HO)
Package: hopatch 2012/05/28 v1.2 Wrapper for package hooks (HO)
Package: xcolor-patch 2011/01/30 xcolor patch
Package: atveryend 2011/06/30 v1.8 Hooks at the very end of document (HO)
Package atveryend Info: \enddocument detected (standard20110627).
Package: atbegshi 2011/10/05 v1.16 At begin shipout hook (HO)
Package: refcount 2011/10/16 v3.4 Data extraction from label references (HO)
Package: hycolor 2011/01/30 v1.7 Color options for hyperref/bookmark (HO)
)
(/usr/share/texlive/texmf-dist/tex/generic/ifxetex/ifxetex.sty
Package: ifxetex 2010/09/12 v0.6 Provides ifxetex conditional
)
(/usr/share/texlive/texmf-dist/tex/latex/oberdiek/auxhook.sty
Package: auxhook 2011/03/04 v1.3 Hooks for auxiliary files (HO)
)
(/usr/share/texlive/texmf-dist/tex/latex/oberdiek/kvoptions.sty
Package: kvoptions 2011/06/30 v3.11 Key value format for package options (HO)
)
\@linkdim=\dimen122
\Hy@linkcounter=\count119
\Hy@pagecounter=\count120

(/usr/share/texlive/texmf-dist/tex/latex/hyperref/pd1enc.def
File: pd1enc.def 2012/11/06 v6.83m Hyperref: PDFDocEncoding definition (HO)
Now handling font encoding PD1 ...
... no UTF-8 mapping file for font encoding PD1
)
\Hy@SavedSpaceFactor=\count121

(/usr/share/texlive/texmf-dist/tex/latex/latexconfig/hyperref.cfg
File: hyperref.cfg 2002/06/06 v1.2 hyperref configuration of TeXLive
)
Package hyperref Info: Option `unicode' set `true' on input line 4319.

(/usr/share/texlive/texmf-dist/tex/latex/hyperref/puenc.def
File: puenc.def 2012/11/06 v6.83m Hyperref: PDF Unicode definition (HO)
Now handling font encoding PU ...
... no UTF-8 mapping file for font encoding PU
)
Package hyperref Info: Hyper figures OFF on input line 4443.
Package hyperref Info: Link nesting OFF on input line 4448.
Package hyperref Info: Hyper index ON on input line 4451.
Package hyperref Info: Plain pages OFF on input line 4458.
Package hyperref Info: Backreferencing OFF on input line 4463.
Package hyperref Info: Implicit mode ON; LaTeX internals redefined.
Package hyperref Info: Bookmarks ON on input line 4688.
\c@Hy@tempcnt=\count122

(/usr/share/texlive/texmf-dist/tex/latex/url/url.sty
\Urlmuskip=\muskip11
Package: url 2013/09/16  ver 3.4  Verb mode for urls, etc.
)
LaTeX Info: Redefining \url on input line 5041.
\XeTeXLinkMargin=\dimen123
\Fld@menulength=\count123
\Field@Width=\dimen124
\Fld@charsize=\dimen125
Package hyperref Info: Hyper figures OFF on input line 6295.
Package hyperref Info: Link nesting OFF on input line 6300.
Package hyperref Info: Hyper index ON on input line 6303.
Package hyperref Info: backreferencing OFF on input line 6310.
Package hyperref Info: Link coloring OFF on input line 6315.
Package hyperref Info: Link coloring with OCG OFF on input line 6320.
Package hyperref Info: PDF/A mode OFF on input line 6325.
LaTeX Info: Redefining \ref on input line 6365.
LaTeX Info: Redefining \pageref on input line 6369.
\Hy@abspage=\count124
\c@Item=\count125
\c@Hfootnote=\count126
)

Package hyperref Message: Driver (autodetected): hpdftex.

(/usr/share/texlive/texmf-dist/tex/latex/hyperref/hpdftex.def
File: hpdftex.def 2012/11/06 v6.83m Hyperref driver for pdfTeX
\Fld@listcount=\count127
\c@bookmark@seq@number=\count128

(/usr/share/texlive/texmf-dist/tex/latex/oberdiek/rerunfilecheck.sty
Package: rerunfilecheck 2011/04/15 v1.7 Rerun checks for auxiliary files (HO)
Package uniquecounter Info: New unique counter `rerunfilecheck' on input line 2
82.
)
\Hy@SectionHShift=\skip59
)
(/usr/share/texlive/texmf-dist/tex/latex/tools/indentfirst.sty
Package: indentfirst 1995/11/23 v1.03 Indent first paragraph (DPC)
)
(/usr/share/texlive/texmf-dist/tex/latex/listings/listings.sty
\lst@mode=\count129
\lst@gtempboxa=\box37
\lst@token=\toks26
\lst@length=\count130
\lst@currlwidth=\dimen126
\lst@column=\count131
\lst@pos=\count132
\lst@lostspace=\dimen127
\lst@width=\dimen128
\lst@newlines=\count133
\lst@lineno=\count134
\lst@maxwidth=\dimen129

(/usr/share/texlive/texmf-dist/tex/latex/listings/lstmisc.sty
File: lstmisc.sty 2013/08/26 1.5b (Carsten Heinz)
\c@lstnumber=\count135
\lst@skipnumbers=\count136
\lst@framebox=\box38
)
(/usr/share/texlive/texmf-dist/tex/latex/listings/listings.cfg
File: listings.cfg 2013/08/26 1.5b listings configuration
))
Package: listings 2013/08/26 1.5b (Carsten Heinz)

(/usr/share/texlive/texmf-dist/tex/latex/listings/lstlang1.sty
File: lstlang1.sty 2013/08/26 1.5b listings language file
)
(/usr/share/texlive/texmf-dist/tex/generic/oberdiek/alphalph.sty
Package: alphalph 2011/05/13 v2.4 Convert numbers to letters (HO)
)
(/usr/share/texlive/texmf-dist/tex/latex/bigfoot/bigfoot.sty
Package: bigfoot 2006/07/15 1.25 makes footnotes work


Package hyperref Warning: Option `hyperfootnotes' has already been used,
(hyperref)                setting the option has no effect on input line 57.

(/usr/share/texlive/texmf-dist/tex/latex/etex-pkg/etex.sty
Package: etex 1998/03/26 v2.0 eTeX basic definition package (PEB)
\et@xins=\count137
)
(/usr/share/texlive/texmf-dist/tex/latex/ncctools/manyfoot.sty
Package: manyfoot 2005/09/11 v1.10 Many Footnote Levels Package (NCC)

(/usr/share/texlive/texmf-dist/tex/latex/ncctools/nccfoots.sty
Package: nccfoots 2005/02/03 v1.2 NCC Footnotes Package (NCC)
)
\MFL@columnwidth=\dimen130
)
(/usr/share/texlive/texmf-dist/tex/latex/bigfoot/suffix.sty
Package: suffix 2006/07/15 1.5 Variant command support
)
(/usr/share/texlive/texmf-dist/tex/latex/bigfoot/perpage.sty
Package: perpage 2006/07/15 1.12 Reset/sort counters per page
\c@abspage=\count138
)
\footnotewidowpenalty=\count139
\footnoteclubpenalty=\count140
\finalfootnotewidowpenalty=\count141
\c@FN@totalid=\count142
\c@pp@a@FN@totalid=\count143
\FN@id=\count144
\FN@master=\marks1
\FN@slave=\marks2
\FN@color=\marks3
\FN@outervsize=\dimen131
\FN@vsize=\skip60
\FN@insertions=\box39
\FN@output=\toks27
\FN@tempbox=\box40
\FN@savebox=\insert233
\FN@topmarkbox=\box41
\FN@myvsize=\dimen132
\bigfoottolerance=\count145
)
\footinsB=\insert232
\c@footnoteB=\count146
\footinsdefault=\insert231
\c@footnotedefault=\count147
\c@pp@a@footnoteB=\count148
 (./main.aux

LaTeX Warning: Label `fig:subfig1' multiply defined.


LaTeX Warning: Label `sub@fig:subfig1' multiply defined.


LaTeX Warning: Label `fig:subfig1' multiply defined.


LaTeX Warning: Label `sub@fig:subfig1' multiply defined.


LaTeX Warning: Label `fig:subfig1' multiply defined.


LaTeX Warning: Label `sub@fig:subfig1' multiply defined.


LaTeX Warning: Label `fig:subfig1' multiply defined.


LaTeX Warning: Label `sub@fig:subfig1' multiply defined.


LaTeX Warning: Label `fig:subfig1' multiply defined.


LaTeX Warning: Label `sub@fig:subfig1' multiply defined.


LaTeX Warning: Label `fig:subfig1' multiply defined.


LaTeX Warning: Label `sub@fig:subfig1' multiply defined.


LaTeX Warning: Label `fig:subfig1' multiply defined.


LaTeX Warning: Label `sub@fig:subfig1' multiply defined.


LaTeX Warning: Label `fig:subfig1' multiply defined.


LaTeX Warning: Label `sub@fig:subfig1' multiply defined.


LaTeX Warning: Label `fig:subfig1' multiply defined.


LaTeX Warning: Label `sub@fig:subfig1' multiply defined.


LaTeX Warning: Label `fig:subfig1' multiply defined.


LaTeX Warning: Label `sub@fig:subfig1' multiply defined.


LaTeX Warning: Label `fig:subfig1' multiply defined.


LaTeX Warning: Label `sub@fig:subfig1' multiply defined.


LaTeX Warning: Label `fig:subfig1' multiply defined.


LaTeX Warning: Label `sub@fig:subfig1' multiply defined.


LaTeX Warning: Label `fig:subfig1' multiply defined.


LaTeX Warning: Label `sub@fig:subfig1' multiply defined.


LaTeX Warning: Label `fig:subfig1' multiply defined.


LaTeX Warning: Label `sub@fig:subfig1' multiply defined.


LaTeX Warning: Label `fig:subfig1' multiply defined.


LaTeX Warning: Label `sub@fig:subfig1' multiply defined.


LaTeX Warning: Label `fig:subfig1' multiply defined.


LaTeX Warning: Label `sub@fig:subfig1' multiply defined.


LaTeX Warning: Label `fig:subfig1' multiply defined.


LaTeX Warning: Label `sub@fig:subfig1' multiply defined.


LaTeX Warning: Label `fig:subfig1' multiply defined.


LaTeX Warning: Label `sub@fig:subfig1' multiply defined.


LaTeX Warning: Label `fig:subfig1' multiply defined.


LaTeX Warning: Label `sub@fig:subfig1' multiply defined.


LaTeX Warning: Label `fig:subfig1' multiply defined.


LaTeX Warning: Label `sub@fig:subfig1' multiply defined.


LaTeX Warning: Label `fig:subfig1' multiply defined.


LaTeX Warning: Label `sub@fig:subfig1' multiply defined.


LaTeX Warning: Label `fig:subfig1' multiply defined.


LaTeX Warning: Label `sub@fig:subfig1' multiply defined.


LaTeX Warning: Label `fig:subfig1' multiply defined.


LaTeX Warning: Label `sub@fig:subfig1' multiply defined.


LaTeX Warning: Label `fig:subfig1' multiply defined.


LaTeX Warning: Label `sub@fig:subfig1' multiply defined.


LaTeX Warning: Label `fig:subfig1' multiply defined.


LaTeX Warning: Label `sub@fig:subfig1' multiply defined.


LaTeX Warning: Label `fig:subfig1' multiply defined.


LaTeX Warning: Label `sub@fig:subfig1' multiply defined.


LaTeX Warning: Label `fig:subfig1' multiply defined.


LaTeX Warning: Label `sub@fig:subfig1' multiply defined.


LaTeX Warning: Label `fig:subfig1' multiply defined.


LaTeX Warning: Label `sub@fig:subfig1' multiply defined.


LaTeX Warning: Label `fig:subfig1' multiply defined.


LaTeX Warning: Label `sub@fig:subfig1' multiply defined.


LaTeX Warning: Label `fig:subfig1' multiply defined.


LaTeX Warning: Label `sub@fig:subfig1' multiply defined.


LaTeX Warning: Label `fig:subfig1' multiply defined.


LaTeX Warning: Label `sub@fig:subfig1' multiply defined.


LaTeX Warning: Label `fig:subfig1' multiply defined.


LaTeX Warning: Label `sub@fig:subfig1' multiply defined.


LaTeX Warning: Label `fig:subfig1' multiply defined.


LaTeX Warning: Label `sub@fig:subfig1' multiply defined.


LaTeX Warning: Label `fig:subfig1' multiply defined.


LaTeX Warning: Label `sub@fig:subfig1' multiply defined.


LaTeX Warning: Label `fig:subfig1' multiply defined.


LaTeX Warning: Label `sub@fig:subfig1' multiply defined.


LaTeX Warning: Label `fig:subfig1' multiply defined.


LaTeX Warning: Label `sub@fig:subfig1' multiply defined.


LaTeX Warning: Label `fig:subfig1' multiply defined.


LaTeX Warning: Label `sub@fig:subfig1' multiply defined.


LaTeX Warning: Label `fig:subfig1' multiply defined.


LaTeX Warning: Label `sub@fig:subfig1' multiply defined.


LaTeX Warning: Label `fig:subfig1' multiply defined.


LaTeX Warning: Label `sub@fig:subfig1' multiply defined.


LaTeX Warning: Label `fig:subfig1' multiply defined.


LaTeX Warning: Label `sub@fig:subfig1' multiply defined.


LaTeX Warning: Label `fig:subfig1' multiply defined.


LaTeX Warning: Label `sub@fig:subfig1' multiply defined.


LaTeX Warning: Label `fig:subfig1' multiply defined.


LaTeX Warning: Label `sub@fig:subfig1' multiply defined.


LaTeX Warning: Label `fig:subfig1' multiply defined.


LaTeX Warning: Label `sub@fig:subfig1' multiply defined.


LaTeX Warning: Label `fig:subfig1' multiply defined.


LaTeX Warning: Label `sub@fig:subfig1' multiply defined.


LaTeX Warning: Label `fig:subfig1' multiply defined.


LaTeX Warning: Label `sub@fig:subfig1' multiply defined.


LaTeX Warning: Label `fig:subfig1' multiply defined.


LaTeX Warning: Label `sub@fig:subfig1' multiply defined.


LaTeX Warning: Label `fig:subfig1' multiply defined.


LaTeX Warning: Label `sub@fig:subfig1' multiply defined.


LaTeX Warning: Label `fig:subfig1' multiply defined.


LaTeX Warning: Label `sub@fig:subfig1' multiply defined.


LaTeX Warning: Label `fig:subfig1' multiply defined.


LaTeX Warning: Label `sub@fig:subfig1' multiply defined.


LaTeX Warning: Label `fig:subfig1' multiply defined.


LaTeX Warning: Label `sub@fig:subfig1' multiply defined.


LaTeX Warning: Label `fig:subfig1' multiply defined.


LaTeX Warning: Label `sub@fig:subfig1' multiply defined.

)
\openout1 = `main.aux'.

LaTeX Font Info:    Checking defaults for OML/cmm/m/it on input line 62.
LaTeX Font Info:    ... okay on input line 62.
LaTeX Font Info:    Checking defaults for T1/cmr/m/n on input line 62.
LaTeX Font Info:    ... okay on input line 62.
LaTeX Font Info:    Checking defaults for OT1/cmr/m/n on input line 62.
LaTeX Font Info:    ... okay on input line 62.
LaTeX Font Info:    Checking defaults for OMS/cmsy/m/n on input line 62.
LaTeX Font Info:    ... okay on input line 62.
LaTeX Font Info:    Checking defaults for OMX/cmex/m/n on input line 62.
LaTeX Font Info:    ... okay on input line 62.
LaTeX Font Info:    Checking defaults for U/cmr/m/n on input line 62.
LaTeX Font Info:    ... okay on input line 62.
LaTeX Font Info:    Checking defaults for C00/song/m/n on input line 62.
LaTeX Font Info:    ... okay on input line 62.
LaTeX Font Info:    Checking defaults for C05/song/m/n on input line 62.
LaTeX Font Info:    ... okay on input line 62.
LaTeX Font Info:    Checking defaults for C09/song/m/n on input line 62.
LaTeX Font Info:    ... okay on input line 62.
LaTeX Font Info:    Checking defaults for C10/song/m/n on input line 62.
LaTeX Font Info:    ... okay on input line 62.
LaTeX Font Info:    Checking defaults for C20/song/m/n on input line 62.
LaTeX Font Info:    ... okay on input line 62.
LaTeX Font Info:    Checking defaults for C19/song/m/n on input line 62.
LaTeX Font Info:    ... okay on input line 62.
LaTeX Font Info:    Checking defaults for C40/song/m/n on input line 62.
LaTeX Font Info:    ... okay on input line 62.
LaTeX Font Info:    Checking defaults for C42/song/m/n on input line 62.
LaTeX Font Info:    ... okay on input line 62.
LaTeX Font Info:    Checking defaults for C43/song/m/n on input line 62.
LaTeX Font Info:    ... okay on input line 62.
LaTeX Font Info:    Checking defaults for C50/song/m/n on input line 62.
LaTeX Font Info:    ... okay on input line 62.
LaTeX Font Info:    Checking defaults for C52/song/m/n on input line 62.
LaTeX Font Info:    ... okay on input line 62.
LaTeX Font Info:    Checking defaults for C49/song/m/n on input line 62.
LaTeX Font Info:    ... okay on input line 62.
LaTeX Font Info:    Checking defaults for C60/mj/m/n on input line 62.
LaTeX Font Info:    ... okay on input line 62.
LaTeX Font Info:    Checking defaults for C61/mj/m/n on input line 62.
LaTeX Font Info:    ... okay on input line 62.
LaTeX Font Info:    Checking defaults for C63/mj/m/n on input line 62.
LaTeX Font Info:    ... okay on input line 62.
LaTeX Font Info:    Checking defaults for C64/mj/m/n on input line 62.
LaTeX Font Info:    ... okay on input line 62.
LaTeX Font Info:    Checking defaults for C65/mj/m/n on input line 62.
LaTeX Font Info:    ... okay on input line 62.
LaTeX Font Info:    Checking defaults for C70/song/m/n on input line 62.
LaTeX Font Info:    ... okay on input line 62.
LaTeX Font Info:    Checking defaults for C31/song/m/n on input line 62.
LaTeX Font Info:    ... okay on input line 62.
LaTeX Font Info:    Checking defaults for C32/song/m/n on input line 62.
LaTeX Font Info:    ... okay on input line 62.
LaTeX Font Info:    Checking defaults for C33/song/m/n on input line 62.
LaTeX Font Info:    ... okay on input line 62.
LaTeX Font Info:    Checking defaults for C34/song/m/n on input line 62.
LaTeX Font Info:    ... okay on input line 62.
LaTeX Font Info:    Checking defaults for C35/song/m/n on input line 62.
LaTeX Font Info:    ... okay on input line 62.
LaTeX Font Info:    Checking defaults for C36/song/m/n on input line 62.
LaTeX Font Info:    ... okay on input line 62.
LaTeX Font Info:    Checking defaults for C37/song/m/n on input line 62.
LaTeX Font Info:    ... okay on input line 62.
LaTeX Font Info:    Checking defaults for C80/song/m/n on input line 62.
LaTeX Font Info:    ... okay on input line 62.
LaTeX Font Info:    Checking defaults for C81/song/m/n on input line 62.
LaTeX Font Info:    ... okay on input line 62.
LaTeX Font Info:    Checking defaults for C01/song/m/n on input line 62.
LaTeX Font Info:    ... okay on input line 62.
LaTeX Font Info:    Checking defaults for C11/song/m/n on input line 62.
LaTeX Font Info:    ... okay on input line 62.
LaTeX Font Info:    Checking defaults for C21/song/m/n on input line 62.
LaTeX Font Info:    ... okay on input line 62.
LaTeX Font Info:    Checking defaults for C41/song/m/n on input line 62.
LaTeX Font Info:    ... okay on input line 62.
LaTeX Font Info:    Checking defaults for C62/song/m/n on input line 62.
LaTeX Font Info:    ... okay on input line 62.
LaTeX Font Info:    Checking defaults for PD1/pdf/m/n on input line 62.
LaTeX Font Info:    ... okay on input line 62.
LaTeX Font Info:    Checking defaults for PU/pdf/m/n on input line 62.
LaTeX Font Info:    ... okay on input line 62.
 (/usr/share/texlive/texmf-dist/tex/context/base/supp-pdf.mkii
[Loading MPS to PDF converter (version 2006.09.02).]
\scratchcounter=\count149
\scratchdimen=\dimen133
\scratchbox=\box42
\nofMPsegments=\count150
\nofMParguments=\count151
\everyMPshowfont=\toks28
\MPscratchCnt=\count152
\MPscratchDim=\dimen134
\MPnumerator=\count153
\makeMPintoPDFobject=\count154
\everyMPtoPDFconversion=\toks29
) (/usr/share/texlive/texmf-dist/tex/latex/oberdiek/epstopdf-base.sty
Package: epstopdf-base 2010/02/09 v2.5 Base part for package epstopdf

(/usr/share/texlive/texmf-dist/tex/latex/oberdiek/grfext.sty
Package: grfext 2010/08/19 v1.1 Manage graphics extensions (HO)
)
Package grfext Info: Graphics extension search list:
(grfext)             [.png,.pdf,.jpg,.mps,.jpeg,.jbig2,.jb2,.PNG,.PDF,.JPG,.JPE
G,.JBIG2,.JB2,.eps]
(grfext)             \AppendGraphicsExtensions on input line 452.

(/usr/share/texlive/texmf-dist/tex/latex/latexconfig/epstopdf-sys.cfg
File: epstopdf-sys.cfg 2010/07/13 v1.3 Configuration of (r)epstopdf for TeX Liv
e
))
runsystem(pygmentize -S default -f latex > main.pyg)...executed.


(./main.pyg)
\AtBeginShipoutBox=\box43
Package hyperref Info: Link coloring OFF on input line 62.
 (/usr/share/texlive/texmf-dist/tex/latex/hyperref/nameref.sty
Package: nameref 2012/10/27 v2.43 Cross-referencing by name of section

(/usr/share/texlive/texmf-dist/tex/generic/oberdiek/gettitlestring.sty
Package: gettitlestring 2010/12/03 v1.4 Cleanup title references (HO)
)
\c@section@level=\count155
)
LaTeX Info: Redefining \ref on input line 62.
LaTeX Info: Redefining \pageref on input line 62.
LaTeX Info: Redefining \nameref on input line 62.

(./main.out) (./main.out)
\@outlinefile=\write6
\openout6 = `main.out'.

\c@lstlisting=\count156
\FN@cache232=\box44
\FN@cache231=\box45
 (/usr/share/texmf/tex/latex/CJK/UTF8/UTF8.bdg
File: UTF8.bdg 2012/05/07 4.8.3
)
(/usr/share/texmf/tex/latex/CJK/UTF8/UTF8.enc
File: UTF8.enc 2012/05/07 4.8.3
)
(/usr/share/texmf/tex/latex/CJK/UTF8/UTF8.chr
File: UTF8.chr 2012/05/07 4.8.3
) (./tech.tex (./intro.tex
LaTeX Font Info:    Try loading font information for U+lasy on input line 6.

(/usr/share/texlive/texmf-dist/tex/latex/base/ulasy.fd
File: ulasy.fd 1998/08/17 v2.2e LaTeX symbol font definitions
)
LaTeX Font Info:    Try loading font information for U+msa on input line 6.

(/usr/share/texlive/texmf-dist/tex/latex/amsfonts/umsa.fd
File: umsa.fd 2013/01/14 v3.01 AMS symbols A
)
LaTeX Font Info:    Try loading font information for U+msb on input line 6.

(/usr/share/texlive/texmf-dist/tex/latex/amsfonts/umsb.fd
File: umsb.fd 2013/01/14 v3.01 AMS symbols B
)
<../Assignment2/Laplacian_skeleton.jpg, id=64, 501.875pt x 803.0pt>
File: ../Assignment2/Laplacian_skeleton.jpg Graphic file (type jpg)

<use ../Assignment2/Laplacian_skeleton.jpg>
Package pdftex.def Info: ../Assignment2/Laplacian_skeleton.jpg used on input li
ne 30.
(pdftex.def)             Requested size: 106.14656pt x 169.83574pt.

<../Assignment2/Sobel_skeleton.jpg, id=65, 501.875pt x 803.0pt>
File: ../Assignment2/Sobel_skeleton.jpg Graphic file (type jpg)

<use ../Assignment2/Sobel_skeleton.jpg>
Package pdftex.def Info: ../Assignment2/Sobel_skeleton.jpg used on input line 3
5.
(pdftex.def)             Requested size: 106.14656pt x 169.83574pt.

<../Assignment2/Sharpened_skeleton.jpg, id=66, 501.875pt x 803.0pt>
File: ../Assignment2/Sharpened_skeleton.jpg Graphic file (type jpg)

<use ../Assignment2/Sharpened_skeleton.jpg>
Package pdftex.def Info: ../Assignment2/Sharpened_skeleton.jpg used on input li
ne 40.
(pdftex.def)             Requested size: 106.14656pt x 169.83574pt.

<../Assignment2/smooth_skeleton.jpg, id=67, 501.875pt x 803.0pt>
File: ../Assignment2/smooth_skeleton.jpg Graphic file (type jpg)

<use ../Assignment2/smooth_skeleton.jpg>
Package pdftex.def Info: ../Assignment2/smooth_skeleton.jpg used on input line 
44.
(pdftex.def)             Requested size: 106.14656pt x 169.83574pt.

<../Assignment2/maskedimg_skeleton.jpg, id=68, 501.875pt x 803.0pt>
File: ../Assignment2/maskedimg_skeleton.jpg Graphic file (type jpg)

<use ../Assignment2/maskedimg_skeleton.jpg>
Package pdftex.def Info: ../Assignment2/maskedimg_skeleton.jpg used on input li
ne 49.
(pdftex.def)             Requested size: 106.14656pt x 169.83574pt.

<../Assignment2/final_skeleton.jpg, id=69, 501.875pt x 803.0pt>
File: ../Assignment2/final_skeleton.jpg Graphic file (type jpg)

<use ../Assignment2/final_skeleton.jpg>
Package pdftex.def Info: ../Assignment2/final_skeleton.jpg used on input line 5
4.
(pdftex.def)             Requested size: 106.14656pt x 169.83574pt.
\openout4 = `main.pyg'.

runsystem(pygmentize -l bash -f latex -F tokenmerge      -P mathescape      -P 
linenos -P "verboptions= ,numbersep=5pt,frame=lines,framesep=2mm" -o main.out.p
yg main.pyg)...executed.

 (./main.out.pyg)
runsystem(rm main.out.pyg)...executed.

runsystem(rm main.pyg)...executed.

LaTeX Font Info:    Try loading font information for OMS+cmr on input line 72.

(/usr/share/texlive/texmf-dist/tex/latex/base/omscmr.fd
File: omscmr.fd 1999/05/25 v2.5h Standard LaTeX font definitions
)
LaTeX Font Info:    Font shape `OMS/cmr/m/n' in size <10> not available
(Font)              Font shape `OMS/cmsy/m/n' tried instead on input line 72.
\openout4 = `main.pyg'.

runsystem(pygmentize -l bash -f latex -F tokenmerge      -P mathescape      -P 
linenos -P "verboptions= ,numbersep=5pt,frame=lines,framesep=2mm" -o main.out.p
yg main.pyg)...executed.

 (./main.out.pyg
[1
Non-PDF special ignored!

{/var/lib/texmf/fonts/map/pdftex/updmap/pdftex.map}])
runsystem(rm main.out.pyg)...executed.

runsystem(rm main.pyg)...executed.


<../Assignment3/gauss_sigma_5.jpg, id=88, 501.875pt x 501.875pt>
File: ../Assignment3/gauss_sigma_5.jpg Graphic file (type jpg)

<use ../Assignment3/gauss_sigma_5.jpg>
Package pdftex.def Info: ../Assignment3/gauss_sigma_5.jpg used on input line 99
.
(pdftex.def)             Requested size: 106.14656pt x 106.14734pt.

<../Assignment3/gauss_sigma_10.jpg, id=89, 501.875pt x 501.875pt>
File: ../Assignment3/gauss_sigma_10.jpg Graphic file (type jpg)

<use ../Assignment3/gauss_sigma_10.jpg>
Package pdftex.def Info: ../Assignment3/gauss_sigma_10.jpg used on input line 1
04.
(pdftex.def)             Requested size: 106.14656pt x 106.14734pt.

<../Assignment3/gauss_sigma_20.jpg, id=90, 501.875pt x 501.875pt>
File: ../Assignment3/gauss_sigma_20.jpg Graphic file (type jpg)

<use ../Assignment3/gauss_sigma_20.jpg>
Package pdftex.def Info: ../Assignment3/gauss_sigma_20.jpg used on input line 1
09.
(pdftex.def)             Requested size: 106.14656pt x 106.14734pt.

<../Assignment3/gauss_sigma_30.jpg, id=91, 501.875pt x 501.875pt>
File: ../Assignment3/gauss_sigma_30.jpg Graphic file (type jpg)

<use ../Assignment3/gauss_sigma_30.jpg>
Package pdftex.def Info: ../Assignment3/gauss_sigma_30.jpg used on input line 1
14.
(pdftex.def)             Requested size: 106.14656pt x 106.14734pt.

<../Assignment3/butter_sigma_2.jpg, id=92, 501.875pt x 501.875pt>
File: ../Assignment3/butter_sigma_2.jpg Graphic file (type jpg)

<use ../Assignment3/butter_sigma_2.jpg>
Package pdftex.def Info: ../Assignment3/butter_sigma_2.jpg used on input line 1
19.
(pdftex.def)             Requested size: 106.14656pt x 106.14734pt.

Underfull \hbox (badness 4403) in paragraph at lines 119--119
[]\OT1/cmr/m/n/8 (\OT1/cmr/m/it/8 k\OT1/cmr/m/n/8 ) But-ter-worth fil-ter with
 []

<../Assignment3/butter_sigma_5.jpg, id=93, 501.875pt x 501.875pt>
File: ../Assignment3/butter_sigma_5.jpg Graphic file (type jpg)

<use ../Assignment3/butter_sigma_5.jpg>
Package pdftex.def Info: ../Assignment3/butter_sigma_5.jpg used on input line 1
24.
(pdftex.def)             Requested size: 106.14656pt x 106.14734pt.

Underfull \hbox (badness 6625) in paragraph at lines 124--124
[]\OT1/cmr/m/n/8 (\OT1/cmr/m/it/8 l\OT1/cmr/m/n/8 ) But-ter-worth fil-ter with
 []

<../Assignment3/butter_sigma_10.jpg, id=94, 501.875pt x 501.875pt>
File: ../Assignment3/butter_sigma_10.jpg Graphic file (type jpg)

<use ../Assignment3/butter_sigma_10.jpg>
Package pdftex.def Info: ../Assignment3/butter_sigma_10.jpg used on input line 
129.
(pdftex.def)             Requested size: 106.14656pt x 106.14734pt.

Underfull \hbox (badness 2005) in paragraph at lines 129--129
[]\OT1/cmr/m/n/8 (\OT1/cmr/m/it/8 m\OT1/cmr/m/n/8 ) But-ter-worth fil-ter with
 []

<../Assignment3/butter_sigma_30.jpg, id=95, 501.875pt x 501.875pt>
File: ../Assignment3/butter_sigma_30.jpg Graphic file (type jpg)

<use ../Assignment3/butter_sigma_30.jpg>
Package pdftex.def Info: ../Assignment3/butter_sigma_30.jpg used on input line 
134.
(pdftex.def)             Requested size: 106.14656pt x 106.14734pt.

Underfull \hbox (badness 3724) in paragraph at lines 134--134
[]\OT1/cmr/m/n/8 (\OT1/cmr/m/it/8 n\OT1/cmr/m/n/8 ) But-ter-worth fil-ter with
 []

<../Assignment3/ideal_sigma_2.jpg, id=96, 501.875pt x 501.875pt>
File: ../Assignment3/ideal_sigma_2.jpg Graphic file (type jpg)

<use ../Assignment3/ideal_sigma_2.jpg>
Package pdftex.def Info: ../Assignment3/ideal_sigma_2.jpg used on input line 13
9.
(pdftex.def)             Requested size: 106.14656pt x 106.14734pt.

<../Assignment3/ideal_sigma_5.jpg, id=97, 501.875pt x 501.875pt>
File: ../Assignment3/ideal_sigma_5.jpg Graphic file (type jpg)

<use ../Assignment3/ideal_sigma_5.jpg>
Package pdftex.def Info: ../Assignment3/ideal_sigma_5.jpg used on input line 14
4.
(pdftex.def)             Requested size: 106.14656pt x 106.14734pt.

<../Assignment3/ideal_sigma_10.jpg, id=98, 501.875pt x 501.875pt>
File: ../Assignment3/ideal_sigma_10.jpg Graphic file (type jpg)

<use ../Assignment3/ideal_sigma_10.jpg>
Package pdftex.def Info: ../Assignment3/ideal_sigma_10.jpg used on input line 1
49.
(pdftex.def)             Requested size: 106.14656pt x 106.14734pt.
\openout4 = `main.pyg'.

runsystem(pygmentize -l python -f latex -F tokenmerge      -P mathescape      -
P linenos -P "verboptions= ,numbersep=5pt,frame=lines,framesep=2mm" -o main.out
.pyg main.pyg)...executed.

 (./main.out.pyg [2 <../Assignment2/Laplacian_skeleton.jpg> <../Assignment2/Sob
el_skeleton.jpg> <../Assignment2/Sharpened_skeleton.jpg> <../Assignment2/smooth
_skeleton.jpg> <../Assignment2/maskedimg_skeleton.jpg> <../Assignment2/final_sk
eleton.jpg>])
runsystem(rm main.out.pyg)...executed.

runsystem(rm main.pyg)...executed.

\openout4 = `main.pyg'.

runsystem(pygmentize -l python -f latex -F tokenmerge      -P mathescape      -
P linenos -P "verboptions= ,numbersep=5pt,frame=lines,framesep=2mm" -o main.out
.pyg main.pyg)...executed.

 (./main.out.pyg
LaTeX Font Info:    Font shape `OT1/cmtt/bx/n' in size <10> not available
(Font)              Font shape `OT1/cmtt/m/n' tried instead on input line 2.
)
runsystem(rm main.out.pyg)...executed.

runsystem(rm main.pyg)...executed.

\openout4 = `main.pyg'.

runsystem(pygmentize -l python -f latex -F tokenmerge      -P mathescape      -
P linenos -P "verboptions= ,numbersep=5pt,frame=lines,framesep=2mm" -o main.out
.pyg main.pyg)...executed.


(./main.out.pyg)
runsystem(rm main.out.pyg)...executed.

runsystem(rm main.pyg)...executed.

\openout4 = `main.pyg'.

runsystem(pygmentize -l python -f latex -F tokenmerge      -P mathescape      -
P linenos -P "verboptions= ,numbersep=5pt,frame=lines,framesep=2mm" -o main.out
.pyg main.pyg)...executed.

 (./main.out.pyg)
runsystem(rm main.out.pyg)...executed.

runsystem(rm main.pyg)...executed.


<../Assignment5/blurred.jpg, id=112, 690.58pt x 690.58pt>
File: ../Assignment5/blurred.jpg Graphic file (type jpg)

<use ../Assignment5/blurred.jpg>
Package pdftex.def Info: ../Assignment5/blurred.jpg used on input line 233.
(pdftex.def)             Requested size: 106.14656pt x 106.14311pt.

<../Assignment5/blurred_w_gauss.jpg, id=113, 690.58pt x 690.58pt>
File: ../Assignment5/blurred_w_gauss.jpg Graphic file (type jpg)

<use ../Assignment5/blurred_w_gauss.jpg>
Package pdftex.def Info: ../Assignment5/blurred_w_gauss.jpg used on input line 
238.
(pdftex.def)             Requested size: 106.14656pt x 106.14311pt.

<../Assignment5/restored_inversefilt.jpg, id=114, 690.58pt x 690.58pt>
File: ../Assignment5/restored_inversefilt.jpg Graphic file (type jpg)

<use ../Assignment5/restored_inversefilt.jpg>
Package pdftex.def Info: ../Assignment5/restored_inversefilt.jpg used on input 
line 243.
(pdftex.def)             Requested size: 106.14656pt x 106.14311pt.

<../Assignment5/restored_wiener_param2-5.jpg, id=115, 690.58pt x 690.58pt>
File: ../Assignment5/restored_wiener_param2-5.jpg Graphic file (type jpg)

<use ../Assignment5/restored_wiener_param2-5.jpg>
Package pdftex.def Info: ../Assignment5/restored_wiener_param2-5.jpg used on in
put line 248.
(pdftex.def)             Requested size: 106.14656pt x 106.14311pt.

Underfull \hbox (badness 2980) in paragraph at lines 248--248
[]\OT1/cmr/m/n/8 (\OT1/cmr/m/it/8 u\OT1/cmr/m/n/8 ) Wiener with pa-ram-e-ter
 []

<../Assignment5/restored_wiener_param011.jpg, id=116, 690.58pt x 690.58pt>
File: ../Assignment5/restored_wiener_param011.jpg Graphic file (type jpg)

<use ../Assignment5/restored_wiener_param011.jpg>
Package pdftex.def Info: ../Assignment5/restored_wiener_param011.jpg used on in
put line 253.
(pdftex.def)             Requested size: 106.14656pt x 106.14311pt.

Underfull \hbox (badness 3375) in paragraph at lines 253--253
[]\OT1/cmr/m/n/8 (\OT1/cmr/m/it/8 v\OT1/cmr/m/n/8 ) Wiener with pa-ram-e-ter
 []

<../Assignment5/restored_wiener_param2-1.jpg, id=117, 690.58pt x 690.58pt>
File: ../Assignment5/restored_wiener_param2-1.jpg Graphic file (type jpg)

<use ../Assignment5/restored_wiener_param2-1.jpg>
Package pdftex.def Info: ../Assignment5/restored_wiener_param2-1.jpg used on in
put line 258.
(pdftex.def)             Requested size: 106.14656pt x 106.14311pt.

Underfull \hbox (badness 2042) in paragraph at lines 258--258
[]\OT1/cmr/m/n/8 (\OT1/cmr/m/it/8 w\OT1/cmr/m/n/8 ) Wiener with pa-ram-e-ter
 []

<../Assignment5/restored_wiener_param05.jpg, id=118, 690.58pt x 690.58pt>
File: ../Assignment5/restored_wiener_param05.jpg Graphic file (type jpg)

<use ../Assignment5/restored_wiener_param05.jpg>
Package pdftex.def Info: ../Assignment5/restored_wiener_param05.jpg used on inp
ut line 263.
(pdftex.def)             Requested size: 106.14656pt x 106.14311pt.

Underfull \hbox (badness 3271) in paragraph at lines 263--263
[]\OT1/cmr/m/n/8 (\OT1/cmr/m/it/8 x\OT1/cmr/m/n/8 ) Wiener with pa-ram-e-ter
 []

<../Assignment5/restored_wiener_param2-6.jpg, id=119, 690.58pt x 690.58pt>
File: ../Assignment5/restored_wiener_param2-6.jpg Graphic file (type jpg)

<use ../Assignment5/restored_wiener_param2-6.jpg>
Package pdftex.def Info: ../Assignment5/restored_wiener_param2-6.jpg used on in
put line 268.
(pdftex.def)             Requested size: 106.14656pt x 106.14311pt.

Underfull \hbox (badness 3323) in paragraph at lines 268--268
[]\OT1/cmr/m/n/8 (\OT1/cmr/m/it/8 y\OT1/cmr/m/n/8 ) Wiener with pa-ram-e-ter
 []


Overfull \vbox (10.5448pt too high) has occurred while \output is active []


[3]
\openout4 = `main.pyg'.

runsystem(pygmentize -l python -f latex -F tokenmerge      -P mathescape      -
P linenos -P "verboptions= ,numbersep=5pt,frame=lines,framesep=2mm" -o main.out
.pyg main.pyg)...executed.

 (./main.out.pyg [4 <../Assignment5/blurred.jpg> <../Assignment5/blurred_w_gaus
s.jpg> <../Assignment5/restored_inversefilt.jpg> <../Assignment5/restored_wiene
r_param2-5.jpg> <../Assignment5/restored_wiener_param011.jpg> <../Assignment5/r
estored_wiener_param2-1.jpg> <../Assignment5/restored_wiener_param05.jpg> <../A
ssignment5/restored_wiener_param2-6.jpg>])
runsystem(rm main.out.pyg)...executed.

runsystem(rm main.pyg)...executed.

\openout4 = `main.pyg'.

runsystem(pygmentize -l python -f latex -F tokenmerge      -P mathescape      -
P linenos -P "verboptions= ,numbersep=5pt,frame=lines,framesep=2mm" -o main.out
.pyg main.pyg)...executed.

 (./main.out.pyg)
runsystem(rm main.out.pyg)...executed.

runsystem(rm main.pyg)...executed.

\openout4 = `main.pyg'.

runsystem(pygmentize -l python -f latex -F tokenmerge      -P mathescape      -
P linenos -P "verboptions= ,numbersep=5pt,frame=lines,framesep=2mm" -o main.out
.pyg main.pyg)...executed.

 (./main.out.pyg)
runsystem(rm main.out.pyg)...executed.

runsystem(rm main.pyg)...executed.

\openout4 = `main.pyg'.

runsystem(pygmentize -l python -f latex -F tokenmerge      -P mathescape      -
P linenos -P "verboptions= ,numbersep=5pt,frame=lines,framesep=2mm" -o main.out
.pyg main.pyg)...executed.

(./main.out.pyg [5])
runsystem(rm main.out.pyg)...executed.

runsystem(rm main.pyg)...executed.


<../Assignment6/rotatedimg_40_nn.jpg, id=145, 1450.41875pt x 1450.41875pt>
File: ../Assignment6/rotatedimg_40_nn.jpg Graphic file (type jpg)

<use ../Assignment6/rotatedimg_40_nn.jpg>
Package pdftex.def Info: ../Assignment6/rotatedimg_40_nn.jpg used on input line
 415.
(pdftex.def)             Requested size: 106.14656pt x 106.14305pt.

<../Assignment6/rotatedimg_40_bi.jpg, id=146, 1450.41875pt x 1450.41875pt>
File: ../Assignment6/rotatedimg_40_bi.jpg Graphic file (type jpg)

<use ../Assignment6/rotatedimg_40_bi.jpg>
Package pdftex.def Info: ../Assignment6/rotatedimg_40_bi.jpg used on input line
 420.
(pdftex.def)             Requested size: 106.14656pt x 106.14305pt.

<../Assignment6/rotatedimg_60_nn.jpg, id=147, 1406.25375pt x 1406.25375pt>
File: ../Assignment6/rotatedimg_60_nn.jpg Graphic file (type jpg)

<use ../Assignment6/rotatedimg_60_nn.jpg>
Package pdftex.def Info: ../Assignment6/rotatedimg_60_nn.jpg used on input line
 426.
(pdftex.def)             Requested size: 106.14656pt x 106.12967pt.

<../Assignment6/rotatedimg_60_bi.jpg, id=148, 1406.25375pt x 1406.25375pt>
File: ../Assignment6/rotatedimg_60_bi.jpg Graphic file (type jpg)

<use ../Assignment6/rotatedimg_60_bi.jpg>
Package pdftex.def Info: ../Assignment6/rotatedimg_60_bi.jpg used on input line
 431.
(pdftex.def)             Requested size: 106.14656pt x 106.12967pt.

<../Assignment6/tranlatedimg_50_20_nn.jpg, id=149, 1079.03125pt x 1048.91875pt>
File: ../Assignment6/tranlatedimg_50_20_nn.jpg Graphic file (type jpg)
<use ../Assignment6/tranlatedimg_50_20_nn.jpg>
Package pdftex.def Info: ../Assignment6/tranlatedimg_50_20_nn.jpg used on input
 line 436.
(pdftex.def)             Requested size: 106.14656pt x 103.16945pt.

<../Assignment6/tranlatedimg_50_20_bi.jpg, id=150, 1079.03125pt x 1048.91875pt>
File: ../Assignment6/tranlatedimg_50_20_bi.jpg Graphic file (type jpg)
<use ../Assignment6/tranlatedimg_50_20_bi.jpg>
Package pdftex.def Info: ../Assignment6/tranlatedimg_50_20_bi.jpg used on input
 line 441.
(pdftex.def)             Requested size: 106.14656pt x 103.16945pt.

<../Assignment6/scaledimg_2_nn.jpg, id=151, 2057.6875pt x 2057.6875pt>
File: ../Assignment6/scaledimg_2_nn.jpg Graphic file (type jpg)

<use ../Assignment6/scaledimg_2_nn.jpg>
Package pdftex.def Info: ../Assignment6/scaledimg_2_nn.jpg used on input line 4
46.
(pdftex.def)             Requested size: 106.14656pt x 106.12436pt.

<../Assignment6/scaledimg_2_bi.jpg, id=152, 2057.6875pt x 2057.6875pt>
File: ../Assignment6/scaledimg_2_bi.jpg Graphic file (type jpg)

<use ../Assignment6/scaledimg_2_bi.jpg>
Package pdftex.def Info: ../Assignment6/scaledimg_2_bi.jpg used on input line 4
51.
(pdftex.def)             Requested size: 106.14656pt x 106.12436pt.


LaTeX Warning: `!h' float specifier changed to `!ht'.

[6]
Overfull \vbox (39.945pt too high) has occurred while \output is active []


Overfull \vbox (30.945pt too high) has occurred while \output is active []


[7 <../Assignment6/rotatedimg_40_nn.jpg> <../Assignment6/rotatedimg_40_bi.jpg> 
<../Assignment6/rotatedimg_60_nn.jpg> <../Assignment6/rotatedimg_60_bi.jpg> <..
/Assignment6/tranlatedimg_50_20_nn.jpg> <../Assignment6/tranlatedimg_50_20_bi.j
pg> <../Assignment6/scaledimg_2_nn.jpg> <../Assignment6/scaledimg_2_bi.jpg>]
<../Assignment7/zonal_best_reconstructed.jpg, id=171, 513.92pt x 513.92pt>
File: ../Assignment7/zonal_best_reconstructed.jpg Graphic file (type jpg)

<use ../Assignment7/zonal_best_reconstructed.jpg>
Package pdftex.def Info: ../Assignment7/zonal_best_reconstructed.jpg used on in
put line 518.
(pdftex.def)             Requested size: 106.14656pt x 106.14629pt.

<../Assignment7/zonal_best_diff.jpg, id=172, 513.92pt x 513.92pt>
File: ../Assignment7/zonal_best_diff.jpg Graphic file (type jpg)

<use ../Assignment7/zonal_best_diff.jpg>
Package pdftex.def Info: ../Assignment7/zonal_best_diff.jpg used on input line 
523.
(pdftex.def)             Requested size: 106.14656pt x 106.14629pt.

<../Assignment7/threshold_1_reconstructed.jpg, id=173, 513.92pt x 513.92pt>
File: ../Assignment7/threshold_1_reconstructed.jpg Graphic file (type jpg)

<use ../Assignment7/threshold_1_reconstructed.jpg>
Package pdftex.def Info: ../Assignment7/threshold_1_reconstructed.jpg used on i
nput line 529.
(pdftex.def)             Requested size: 106.14656pt x 106.14629pt.

<../Assignment7/threshold_1_diff.jpg, id=174, 513.92pt x 513.92pt>
File: ../Assignment7/threshold_1_diff.jpg Graphic file (type jpg)

<use ../Assignment7/threshold_1_diff.jpg>
Package pdftex.def Info: ../Assignment7/threshold_1_diff.jpg used on input line
 534.
(pdftex.def)             Requested size: 106.14656pt x 106.14629pt.

<../Assignment7/threshold_2_reconstructed.jpg, id=175, 513.92pt x 513.92pt>
File: ../Assignment7/threshold_2_reconstructed.jpg Graphic file (type jpg)

<use ../Assignment7/threshold_2_reconstructed.jpg>
Package pdftex.def Info: ../Assignment7/threshold_2_reconstructed.jpg used on i
nput line 539.
(pdftex.def)             Requested size: 106.14656pt x 106.14629pt.

<../Assignment7/threshold_2_diff.jpg, id=176, 513.92pt x 513.92pt>
File: ../Assignment7/threshold_2_diff.jpg Graphic file (type jpg)

<use ../Assignment7/threshold_2_diff.jpg>
Package pdftex.def Info: ../Assignment7/threshold_2_diff.jpg used on input line
 544.
(pdftex.def)             Requested size: 106.14656pt x 106.14629pt.


LaTeX Warning: `!h' float specifier changed to `!ht'.

<../Assignment7/lena_haar_encoded.jpg, id=177, 513.92pt x 513.92pt>
File: ../Assignment7/lena_haar_encoded.jpg Graphic file (type jpg)

<use ../Assignment7/lena_haar_encoded.jpg>
Package pdftex.def Info: ../Assignment7/lena_haar_encoded.jpg used on input lin
e 552.
(pdftex.def)             Requested size: 106.14656pt x 106.14629pt.

<../Assignment7/lena_haar_reconstructed.jpg, id=178, 513.92pt x 513.92pt>
File: ../Assignment7/lena_haar_reconstructed.jpg Graphic file (type jpg)

<use ../Assignment7/lena_haar_reconstructed.jpg>
Package pdftex.def Info: ../Assignment7/lena_haar_reconstructed.jpg used on inp
ut line 557.
(pdftex.def)             Requested size: 106.14656pt x 106.14629pt.

Underfull \hbox (badness 10000) in paragraph at lines 557--557
[]\OT1/cmr/m/n/8 (\OT1/cmr/m/it/8 ao\OT1/cmr/m/n/8 ) Haar wavelet, re-
 []


Underfull \hbox (badness 10000) in paragraph at lines 557--557
\OT1/cmr/m/n/8 con-structed, re-mov-ing all
 []

<../Assignment7/lena_haar_diff.jpg, id=179, 513.92pt x 513.92pt>
File: ../Assignment7/lena_haar_diff.jpg Graphic file (type jpg)

<use ../Assignment7/lena_haar_diff.jpg>
Package pdftex.def Info: ../Assignment7/lena_haar_diff.jpg used on input line 5
62.
(pdftex.def)             Requested size: 106.14656pt x 106.14629pt.

<../Assignment7/lena_daub_encoded.jpg, id=180, 513.92pt x 513.92pt>
File: ../Assignment7/lena_daub_encoded.jpg Graphic file (type jpg)

<use ../Assignment7/lena_daub_encoded.jpg>
Package pdftex.def Info: ../Assignment7/lena_daub_encoded.jpg used on input lin
e 568.
(pdftex.def)             Requested size: 106.14656pt x 106.14629pt.

Underfull \hbox (badness 10000) in paragraph at lines 568--568
[]\OT1/cmr/m/n/8 (\OT1/cmr/m/it/8 aq\OT1/cmr/m/n/8 ) Daubechies 8-tap
 []

<../Assignment7/lena_daub_reconstructed.jpg, id=181, 513.92pt x 513.92pt>
File: ../Assignment7/lena_daub_reconstructed.jpg Graphic file (type jpg)

<use ../Assignment7/lena_daub_reconstructed.jpg>
Package pdftex.def Info: ../Assignment7/lena_daub_reconstructed.jpg used on inp
ut line 573.
(pdftex.def)             Requested size: 106.14656pt x 106.14629pt.

<../Assignment7/lena_daub_diff.jpg, id=182, 513.92pt x 513.92pt>
File: ../Assignment7/lena_daub_diff.jpg Graphic file (type jpg)

<use ../Assignment7/lena_daub_diff.jpg>
Package pdftex.def Info: ../Assignment7/lena_daub_diff.jpg used on input line 5
78.
(pdftex.def)             Requested size: 106.14656pt x 106.14629pt.

<../Assignment7/lena_sym_encoded.jpg, id=183, 513.92pt x 513.92pt>
File: ../Assignment7/lena_sym_encoded.jpg Graphic file (type jpg)

<use ../Assignment7/lena_sym_encoded.jpg>
Package pdftex.def Info: ../Assignment7/lena_sym_encoded.jpg used on input line
 583.
(pdftex.def)             Requested size: 106.14656pt x 106.14629pt.

<../Assignment7/lena_sym_reconstructed.jpg, id=184, 513.92pt x 513.92pt>
File: ../Assignment7/lena_sym_reconstructed.jpg Graphic file (type jpg)

<use ../Assignment7/lena_sym_reconstructed.jpg>
Package pdftex.def Info: ../Assignment7/lena_sym_reconstructed.jpg used on inpu
t line 588.
(pdftex.def)             Requested size: 106.14656pt x 106.14629pt.

Underfull \hbox (badness 10000) in paragraph at lines 588--588
[]\OT1/cmr/m/n/8 (\OT1/cmr/m/it/8 au\OT1/cmr/m/n/8 ) Stm-let 8-tap re-con-
 []

<../Assignment7/lena_sym_diff.jpg, id=185, 513.92pt x 513.92pt>
File: ../Assignment7/lena_sym_diff.jpg Graphic file (type jpg)

<use ../Assignment7/lena_sym_diff.jpg>
Package pdftex.def Info: ../Assignment7/lena_sym_diff.jpg used on input line 59
3.
(pdftex.def)             Requested size: 106.14656pt x 106.14629pt.

<../Assignment7/lena_cohen_encoded.jpg, id=186, 513.92pt x 513.92pt>
File: ../Assignment7/lena_cohen_encoded.jpg Graphic file (type jpg)

<use ../Assignment7/lena_cohen_encoded.jpg>
Package pdftex.def Info: ../Assignment7/lena_cohen_encoded.jpg used on input li
ne 598.
(pdftex.def)             Requested size: 106.14656pt x 106.14629pt.

<../Assignment7/lena_cohen_reconstructed.jpg, id=187, 513.92pt x 513.92pt>
File: ../Assignment7/lena_cohen_reconstructed.jpg Graphic file (type jpg)

<use ../Assignment7/lena_cohen_reconstructed.jpg>
Package pdftex.def Info: ../Assignment7/lena_cohen_reconstructed.jpg used on in
put line 603.
(pdftex.def)             Requested size: 106.14656pt x 106.14629pt.

Underfull \hbox (badness 10000) in paragraph at lines 603--603
[]\OT1/cmr/m/n/8 (\OT1/cmr/m/it/8 ax\OT1/cmr/m/n/8 ) Co-hen 8-tap re-con-
 []

<../Assignment7/lena_cohen_diff.jpg, id=188, 513.92pt x 513.92pt>
File: ../Assignment7/lena_cohen_diff.jpg Graphic file (type jpg)

<use ../Assignment7/lena_cohen_diff.jpg>
Package pdftex.def Info: ../Assignment7/lena_cohen_diff.jpg used on input line 
608.
(pdftex.def)             Requested size: 106.14656pt x 106.14629pt.


LaTeX Warning: `!h' float specifier changed to `!ht'.


Overfull \hbox (72.7203pt too wide) in paragraph at lines 616--617
[]\OT1/cmr/m/n/10 In as-sign-ment 8 we im-ple-mented the tech-niques bound-arye
x-trac-tion,holefilling,erosion,diletation,opening,closing
 []

\openout4 = `main.pyg'.

runsystem(pygmentize -l python -f latex -F tokenmerge      -P mathescape      -
P linenos -P "verboptions= ,numbersep=5pt,frame=lines,framesep=2mm" -o main.out
.pyg main.pyg)...executed.

(./main.out.pyg)
runsystem(rm main.out.pyg)...executed.

runsystem(rm main.pyg)...executed.

\openout4 = `main.pyg'.

runsystem(pygmentize -l python -f latex -F tokenmerge      -P mathescape      -
P linenos -P "verboptions= ,numbersep=5pt,frame=lines,framesep=2mm" -o main.out
.pyg main.pyg)...executed.

 (./main.out.pyg [8])
runsystem(rm main.out.pyg)...executed.

runsystem(rm main.pyg)...executed.

 [9 <../Assignment7/zonal_best_reconstructed.jpg> <../Assignment7/zonal_best_di
ff.jpg> <../Assignment7/threshold_1_reconstructed.jpg> <../Assignment7/threshol
d_1_diff.jpg> <../Assignment7/threshold_2_reconstructed.jpg> <../Assignment7/th
reshold_2_diff.jpg>]
<../Assignment8/noisy_fingerprint_erosion.jpg, id=205, 316.18124pt x 238.8925pt
>
File: ../Assignment8/noisy_fingerprint_erosion.jpg Graphic file (type jpg)
 <use ../Assignment8/noisy_fingerprint_erosion.jpg>
Package pdftex.def Info: ../Assignment8/noisy_fingerprint_erosion.jpg used on i
nput line 663.
(pdftex.def)             Requested size: 106.14656pt x 80.19806pt.

<../Assignment8/noisy_fingerprint_diletation.jpg, id=206, 316.18124pt x 238.892
5pt>
File: ../Assignment8/noisy_fingerprint_diletation.jpg Graphic file (type jpg)
 <use ../Assignment8/noisy_fingerprint_diletation.jpg>
Package pdftex.def Info: ../Assignment8/noisy_fingerprint_diletation.jpg used o
n input line 668.
(pdftex.def)             Requested size: 106.14656pt x 80.19806pt.

<../Assignment8/noisy_fingerprint_opening.jpg, id=207, 316.18124pt x 238.8925pt
>
File: ../Assignment8/noisy_fingerprint_opening.jpg Graphic file (type jpg)
 <use ../Assignment8/noisy_fingerprint_opening.jpg>
Package pdftex.def Info: ../Assignment8/noisy_fingerprint_opening.jpg used on i
nput line 673.
(pdftex.def)             Requested size: 106.14656pt x 80.19806pt.

<../Assignment8/noisy_fingerprint_closing.jpg, id=208, 316.18124pt x 238.8925pt
>
File: ../Assignment8/noisy_fingerprint_closing.jpg Graphic file (type jpg)
 <use ../Assignment8/noisy_fingerprint_closing.jpg>
Package pdftex.def Info: ../Assignment8/noisy_fingerprint_closing.jpg used on i
nput line 678.
(pdftex.def)             Requested size: 106.14656pt x 80.19806pt.


LaTeX Warning: `!h' float specifier changed to `!ht'.


<../Assignment8/licoln_from_penny_boundaryextraction.jpg, id=209, 221.82875pt x
 270.00874pt>
File: ../Assignment8/licoln_from_penny_boundaryextraction.jpg Graphic file (typ
e jpg)
 <use ../Assignment8/licoln_from_penny_boundaryextraction.jpg>
Package pdftex.def Info: ../Assignment8/licoln_from_penny_boundaryextraction.jp
g used on input line 687.
(pdftex.def)             Requested size: 106.14656pt x 129.19896pt.

<../Assignment8/region_filling_holesfilled.jpg, id=210, 513.92pt x 513.92pt>
File: ../Assignment8/region_filling_holesfilled.jpg Graphic file (type jpg)

<use ../Assignment8/region_filling_holesfilled.jpg>
Package pdftex.def Info: ../Assignment8/region_filling_holesfilled.jpg used on 
input line 692.
(pdftex.def)             Requested size: 106.14656pt x 106.14629pt.


LaTeX Warning: `!h' float specifier changed to `!ht'.

<../Assignment9/global.jpg, id=211, 704.6325pt x 650.43pt>
File: ../Assignment9/global.jpg Graphic file (type jpg)

<use ../Assignment9/global.jpg>
Package pdftex.def Info: ../Assignment9/global.jpg used on input line 705.
(pdftex.def)             Requested size: 106.14656pt x 97.97713pt.

Underfull \hbox (badness 1436) in paragraph at lines 705--705
\OT1/cmr/m/n/8 gin-ning with datamean and
 []

<../Assignment9/Otsu.jpg, id=212, 704.6325pt x 650.43pt>
File: ../Assignment9/Otsu.jpg Graphic file (type jpg)

<use ../Assignment9/Otsu.jpg>
Package pdftex.def Info: ../Assignment9/Otsu.jpg used on input line 710.
(pdftex.def)             Requested size: 106.14656pt x 97.97713pt.
 [10 <../Assignment7/lena_haar_encoded.jpg> <../Assignment7/lena_haar_reconstru
cted.jpg> <../Assignment7/lena_haar_diff.jpg> <../Assignment7/lena_daub_encoded
.jpg> <../Assignment7/lena_daub_reconstructed.jpg> <../Assignment7/lena_daub_di
ff.jpg> <../Assignment7/lena_sym_encoded.jpg> <../Assignment7/lena_sym_reconstr
ucted.jpg> <../Assignment7/lena_sym_diff.jpg> <../Assignment7/lena_cohen_encode
d.jpg> <../Assignment7/lena_cohen_reconstructed.jpg> <../Assignment7/lena_cohen
_diff.jpg>]
Overfull \vbox (6.52357pt too high) has occurred while \output is active []


[11 <../Assignment8/noisy_fingerprint_erosion.jpg> <../Assignment8/noisy_finger
print_diletation.jpg> <../Assignment8/noisy_fingerprint_opening.jpg> <../Assign
ment8/noisy_fingerprint_closing.jpg> <../Assignment8/licoln_from_penny_boundary
extraction.jpg> <../Assignment8/region_filling_holesfilled.jpg> <../Assignment9
/global.jpg> <../Assignment9/Otsu.jpg>]
\openout4 = `main.pyg'.

runsystem(pygmentize -l python -f latex -F tokenmerge      -P mathescape      -
P linenos -P "verboptions= ,numbersep=5pt,frame=lines,framesep=2mm" -o main.out
.pyg main.pyg)...executed.

 (./main.out.pyg)
runsystem(rm main.out.pyg)...executed.

runsystem(rm main.pyg)...executed.

\openout4 = `main.pyg'.

runsystem(pygmentize -l python -f latex -F tokenmerge      -P mathescape      -
P linenos -P "verboptions= ,numbersep=5pt,frame=lines,framesep=2mm" -o main.out
.pyg main.pyg)...executed.

 (./main.out.pyg)
runsystem(rm main.out.pyg)...executed.

runsystem(rm main.pyg)...executed.

\openout4 = `main.pyg'.

runsystem(pygmentize -l python -f latex -F tokenmerge      -P mathescape      -
P linenos -P "verboptions= ,numbersep=5pt,frame=lines,framesep=2mm" -o main.out
.pyg main.pyg)...executed.


(./main.out.pyg)
runsystem(rm main.out.pyg)...executed.

runsystem(rm main.pyg)...executed.

\openout4 = `main.pyg'.

runsystem(pygmentize -l python -f latex -F tokenmerge      -P mathescape      -
P linenos -P "verboptions= ,numbersep=5pt,frame=lines,framesep=2mm" -o main.out
.pyg main.pyg)...executed.

 (./main.out.pyg [12])
runsystem(rm main.out.pyg)...executed.

runsystem(rm main.pyg)...executed.


<../Assignment9/roberts.jpg, id=249, 1119.18124pt x 838.13126pt>
File: ../Assignment9/roberts.jpg Graphic file (type jpg)

<use ../Assignment9/roberts.jpg>
Package pdftex.def Info: ../Assignment9/roberts.jpg used on input line 824.
(pdftex.def)             Requested size: 106.14656pt x 79.48262pt.

<../Assignment9/sobel.jpg, id=250, 1120.185pt x 839.135pt>
File: ../Assignment9/sobel.jpg Graphic file (type jpg)

<use ../Assignment9/sobel.jpg>
Package pdftex.def Info: ../Assignment9/sobel.jpg used on input line 829.
(pdftex.def)             Requested size: 106.14656pt x 79.51378pt.

<../Assignment9/prewitt.jpg, id=251, 1120.185pt x 839.135pt>
File: ../Assignment9/prewitt.jpg Graphic file (type jpg)

<use ../Assignment9/prewitt.jpg>
Package pdftex.def Info: ../Assignment9/prewitt.jpg used on input line 834.
(pdftex.def)             Requested size: 106.14656pt x 79.51378pt.

<../Assignment9/marr_hidlret.jpg, id=252, 1144.275pt x 863.225pt>
File: ../Assignment9/marr_hidlret.jpg Graphic file (type jpg)

<use ../Assignment9/marr_hidlret.jpg>
Package pdftex.def Info: ../Assignment9/marr_hidlret.jpg used on input line 839
.
(pdftex.def)             Requested size: 106.14656pt x 80.07098pt.

<../Assignment9/canny.jpg, id=253, 1120.185pt x 839.135pt>
File: ../Assignment9/canny.jpg Graphic file (type jpg)

<use ../Assignment9/canny.jpg>
Package pdftex.def Info: ../Assignment9/canny.jpg used on input line 844.
(pdftex.def)             Requested size: 106.14656pt x 79.51378pt.

Overfull \vbox (13.69914pt too high) has occurred while \output is active []


[13 <../Assignment9/roberts.jpg> <../Assignment9/sobel.jpg> <../Assignment9/pre
witt.jpg> <../Assignment9/marr_hidlret.jpg> <../Assignment9/canny.jpg>]
\openout4 = `main.pyg'.

runsystem(pygmentize -l python -f latex -F tokenmerge      -P mathescape      -
P linenos -P "verboptions= ,numbersep=5pt,frame=lines,framesep=2mm" -o main.out
.pyg main.pyg)...executed.


(./main.out.pyg)
runsystem(rm main.out.pyg)...executed.

runsystem(rm main.pyg)...executed.


<../Assignment10/boundary_followed.jpg, id=264, 572.1375pt x 572.1375pt>
File: ../Assignment10/boundary_followed.jpg Graphic file (type jpg)

<use ../Assignment10/boundary_followed.jpg>
Package pdftex.def Info: ../Assignment10/boundary_followed.jpg used on input li
ne 913.
(pdftex.def)             Requested size: 106.14656pt x 106.1406pt.

<../Assignment10/grid.jpg, id=265, 572.1375pt x 572.1375pt>
File: ../Assignment10/grid.jpg Graphic file (type jpg)

<use ../Assignment10/grid.jpg>
Package pdftex.def Info: ../Assignment10/grid.jpg used on input line 918.
(pdftex.def)             Requested size: 106.14656pt x 106.1406pt.


LaTeX Warning: `!h' float specifier changed to `!ht'.

[14] <../Assignment10/PC_Component_1.jpg, id=276, 566.115pt x 566.115pt>
File: ../Assignment10/PC_Component_1.jpg Graphic file (type jpg)

<use ../Assignment10/PC_Component_1.jpg>
Package pdftex.def Info: ../Assignment10/PC_Component_1.jpg used on input line 
933.
(pdftex.def)             Requested size: 106.14656pt x 106.1463pt.

<../Assignment10/PC_Component_2.jpg, id=277, 566.115pt x 566.115pt>
File: ../Assignment10/PC_Component_2.jpg Graphic file (type jpg)

<use ../Assignment10/PC_Component_2.jpg>
Package pdftex.def Info: ../Assignment10/PC_Component_2.jpg used on input line 
938.
(pdftex.def)             Requested size: 106.14656pt x 106.1463pt.

<../Assignment10/Reconstructed_1.jpg, id=278, 566.115pt x 566.115pt>
File: ../Assignment10/Reconstructed_1.jpg Graphic file (type jpg)

<use ../Assignment10/Reconstructed_1.jpg>
Package pdftex.def Info: ../Assignment10/Reconstructed_1.jpg used on input line
 943.
(pdftex.def)             Requested size: 106.14656pt x 106.1463pt.

Underfull \hbox (badness 1122) in paragraph at lines 943--943
[]\OT1/cmr/m/n/8 (\OT1/cmr/m/it/8 bq\OT1/cmr/m/n/8 ) First com-po-nent re-con-
 []

<../Assignment10/Reconstructed_2.jpg, id=279, 566.115pt x 566.115pt>
File: ../Assignment10/Reconstructed_2.jpg Graphic file (type jpg)

<use ../Assignment10/Reconstructed_2.jpg>
Package pdftex.def Info: ../Assignment10/Reconstructed_2.jpg used on input line
 948.
(pdftex.def)             Requested size: 106.14656pt x 106.1463pt.

<../Assignment10/Reconstructed_3.jpg, id=280, 566.115pt x 566.115pt>
File: ../Assignment10/Reconstructed_3.jpg Graphic file (type jpg)

<use ../Assignment10/Reconstructed_3.jpg>
Package pdftex.def Info: ../Assignment10/Reconstructed_3.jpg used on input line
 953.
(pdftex.def)             Requested size: 106.14656pt x 106.1463pt.

Underfull \hbox (badness 5637) in paragraph at lines 953--953
[]\OT1/cmr/m/n/8 (\OT1/cmr/m/it/8 bs\OT1/cmr/m/n/8 ) 3rd com-po-nent re-con-
 []

<../Assignment10/Reconstructed_4.jpg, id=281, 566.115pt x 566.115pt>
File: ../Assignment10/Reconstructed_4.jpg Graphic file (type jpg)

<use ../Assignment10/Reconstructed_4.jpg>
Package pdftex.def Info: ../Assignment10/Reconstructed_4.jpg used on input line
 957.
(pdftex.def)             Requested size: 106.14656pt x 106.1463pt.

Underfull \hbox (badness 6364) in paragraph at lines 957--957
[]\OT1/cmr/m/n/8 (\OT1/cmr/m/it/8 bt\OT1/cmr/m/n/8 ) 4th com-po-nent re-con-
 []

<../Assignment10/Reconstructed_5.jpg, id=282, 566.115pt x 566.115pt>
File: ../Assignment10/Reconstructed_5.jpg Graphic file (type jpg)

<use ../Assignment10/Reconstructed_5.jpg>
Package pdftex.def Info: ../Assignment10/Reconstructed_5.jpg used on input line
 962.
(pdftex.def)             Requested size: 106.14656pt x 106.1463pt.

Underfull \hbox (badness 4366) in paragraph at lines 962--962
[]\OT1/cmr/m/n/8 (\OT1/cmr/m/it/8 bu\OT1/cmr/m/n/8 ) 5th com-po-nent re-con-
 []

<../Assignment10/Reconstructed_6.jpg, id=283, 566.115pt x 566.115pt>
File: ../Assignment10/Reconstructed_6.jpg Graphic file (type jpg)

<use ../Assignment10/Reconstructed_6.jpg>
Package pdftex.def Info: ../Assignment10/Reconstructed_6.jpg used on input line
 966.
(pdftex.def)             Requested size: 106.14656pt x 106.1463pt.

Underfull \hbox (badness 4872) in paragraph at lines 966--966
[]\OT1/cmr/m/n/8 (\OT1/cmr/m/it/8 bv\OT1/cmr/m/n/8 ) 6th com-po-nent re-con-
 []

<../Assignment10/Diff_1.jpg, id=284, 566.115pt x 566.115pt>
File: ../Assignment10/Diff_1.jpg Graphic file (type jpg)

<use ../Assignment10/Diff_1.jpg>
Package pdftex.def Info: ../Assignment10/Diff_1.jpg used on input line 971.
(pdftex.def)             Requested size: 106.14656pt x 106.1463pt.

<../Assignment10/Diff_2.jpg, id=285, 566.115pt x 566.115pt>
File: ../Assignment10/Diff_2.jpg Graphic file (type jpg)

<use ../Assignment10/Diff_2.jpg>
Package pdftex.def Info: ../Assignment10/Diff_2.jpg used on input line 976.
(pdftex.def)             Requested size: 106.14656pt x 106.1463pt.

<../Assignment10/Diff_3.jpg, id=286, 566.115pt x 566.115pt>
File: ../Assignment10/Diff_3.jpg Graphic file (type jpg)

<use ../Assignment10/Diff_3.jpg>
Package pdftex.def Info: ../Assignment10/Diff_3.jpg used on input line 981.
(pdftex.def)             Requested size: 106.14656pt x 106.1463pt.

<../Assignment10/Diff_4.jpg, id=287, 566.115pt x 566.115pt>
File: ../Assignment10/Diff_4.jpg Graphic file (type jpg)

<use ../Assignment10/Diff_4.jpg>
Package pdftex.def Info: ../Assignment10/Diff_4.jpg used on input line 986.
(pdftex.def)             Requested size: 106.14656pt x 106.1463pt.

<../Assignment10/Diff_5.jpg, id=288, 566.115pt x 566.115pt>
File: ../Assignment10/Diff_5.jpg Graphic file (type jpg)

<use ../Assignment10/Diff_5.jpg>
Package pdftex.def Info: ../Assignment10/Diff_5.jpg used on input line 991.
(pdftex.def)             Requested size: 106.14656pt x 106.1463pt.

<../Assignment10/Diff_6.jpg, id=289, 566.115pt x 566.115pt>
File: ../Assignment10/Diff_6.jpg Graphic file (type jpg)

<use ../Assignment10/Diff_6.jpg>
Package pdftex.def Info: ../Assignment10/Diff_6.jpg used on input line 996.
(pdftex.def)             Requested size: 106.14656pt x 106.1463pt.


LaTeX Warning: Float too large for page by 23.7315pt on input line 997.


LaTeX Warning: `!h' float specifier changed to `!ht'.

)) [15 <../Assignment10/boundary_followed.jpg> <../Assignment10/grid.jpg>]
Package atveryend Info: Empty hook `BeforeClearDocument' on input line 92.

[16 <../Assignment10/PC_Component_1.jpg> <../Assignment10/PC_Component_2.jpg> <
../Assignment10/Reconstructed_1.jpg> <../Assignment10/Reconstructed_2.jpg> <../
Assignment10/Reconstructed_3.jpg> <../Assignment10/Reconstructed_4.jpg> <../Ass
ignment10/Reconstructed_5.jpg> <../Assignment10/Reconstructed_6.jpg> <../Assign
ment10/Diff_1.jpg> <../Assignment10/Diff_2.jpg> <../Assignment10/Diff_3.jpg> <.
./Assignment10/Diff_4.jpg> <../Assignment10/Diff_5.jpg> <../Assignment10/Diff_6
.jpg>]
Package atveryend Info: Empty hook `AfterLastShipout' on input line 92.
 (./main.aux)
Package atveryend Info: Executing hook `AtVeryEndDocument' on input line 92.
Package atveryend Info: Executing hook `AtEndAfterFileList' on input line 92.
Package rerunfilecheck Info: File `main.out' has not changed.
(rerunfilecheck)             Checksum: 0D37AC2FA857EC75142D7078F5D7F6CA;1688.


LaTeX Warning: There were multiply-defined labels.

Package atveryend Info: Empty hook `AtVeryVeryEnd' on input line 92.
 ) 
Here is how much of TeX's memory you used:
 14598 strings out of 493304
 206577 string characters out of 6139871
 321936 words of memory out of 5000000
 17536 multiletter control sequences out of 15000+600000
 11175 words of font info for 47 fonts, out of 8000000 for 9000
 957 hyphenation exceptions out of 8191
 37i,17n,40p,945b,1212s stack positions out of 5000i,500n,10000p,200000b,80000s
</usr/share/texlive/texmf-dist/fonts/type1/public/amsfonts/cm/cmbx10.pfb></us
r/share/texlive/texmf-dist/fonts/type1/public/amsfonts/cm/cmbx12.pfb></usr/shar
e/texlive/texmf-dist/fonts/type1/public/amsfonts/cm/cmex10.pfb></usr/share/texl
ive/texmf-dist/fonts/type1/public/amsfonts/cm/cmitt10.pfb></usr/share/texlive/t
exmf-dist/fonts/type1/public/amsfonts/cm/cmmi10.pfb></usr/share/texlive/texmf-d
ist/fonts/type1/public/amsfonts/cm/cmmi7.pfb></usr/share/texlive/texmf-dist/fon
ts/type1/public/amsfonts/cm/cmmi8.pfb></usr/share/texlive/texmf-dist/fonts/type
1/public/amsfonts/cm/cmr10.pfb></usr/share/texlive/texmf-dist/fonts/type1/publi
c/amsfonts/cm/cmr5.pfb></usr/share/texlive/texmf-dist/fonts/type1/public/amsfon
ts/cm/cmr7.pfb></usr/share/texlive/texmf-dist/fonts/type1/public/amsfonts/cm/cm
r8.pfb></usr/share/texlive/texmf-dist/fonts/type1/public/amsfonts/cm/cmsy10.pfb
></usr/share/texlive/texmf-dist/fonts/type1/public/amsfonts/cm/cmsy7.pfb></usr/
share/texlive/texmf-dist/fonts/type1/public/amsfonts/cm/cmti8.pfb></usr/share/t
exlive/texmf-dist/fonts/type1/public/amsfonts/cm/cmtt10.pfb>
Output written on main.pdf (16 pages, 7473206 bytes).
PDF statistics:
 390 PDF objects out of 1000 (max. 8388607)
 274 compressed objects within 3 object streams
 119 named destinations out of 1000 (max. 500000)
 521 words of extra memory for PDF output out of 10000 (max. 10000000)

